{"/app/src/Components/ErrorHandling/ErrorBoundary.tsx": {"path":"/app/src/Components/ErrorHandling/ErrorBoundary.tsx","statementMap":{"0":{"start":{"line":1,"column":0},"end":{"line":1,"column":41}},"1":{"start":{"line":2,"column":0},"end":{"line":2,"column":36}},"2":{"start":{"line":3,"column":0},"end":{"line":3,"column":42}},"3":{"start":{"line":12,"column":4},"end":{"line":12,"column":null}},"4":{"start":{"line":15,"column":8},"end":{"line":15,"column":47}},"5":{"start":{"line":16,"column":8},"end":{"line":16,"column":34}},"6":{"start":{"line":20,"column":8},"end":{"line":20,"column":58}},"7":{"start":{"line":21,"column":8},"end":{"line":21,"column":59}},"8":{"start":{"line":25,"column":8},"end":{"line":31,"column":9}},"9":{"start":{"line":26,"column":12},"end":{"line":30,"column":14}},"10":{"start":{"line":33,"column":8},"end":{"line":33,"column":35}},"11":{"start":{"line":11,"column":0},"end":{"line":11,"column":13}}},"fnMap":{"0":{"name":"(anonymous_1)","decl":{"start":{"line":11,"column":0},"end":{"line":11,"column":13}},"loc":{"start":{"line":11,"column":0},"end":{"line":35,"column":1}}},"1":{"name":"(anonymous_2)","decl":{"start":{"line":14,"column":4},"end":{"line":14,"column":10}},"loc":{"start":{"line":14,"column":48},"end":{"line":17,"column":5}}},"2":{"name":"(anonymous_3)","decl":{"start":{"line":19,"column":4},"end":{"line":19,"column":21}},"loc":{"start":{"line":19,"column":56},"end":{"line":22,"column":5}}},"3":{"name":"(anonymous_4)","decl":{"start":{"line":24,"column":4},"end":{"line":24,"column":10}},"loc":{"start":{"line":24,"column":10},"end":{"line":34,"column":5}}}},"branchMap":{"0":{"loc":{"start":{"line":25,"column":8},"end":{"line":31,"column":9}},"type":"if","locations":[{"start":{"line":25,"column":8},"end":{"line":31,"column":9}}]}},"s":{"0":1,"1":1,"2":1,"3":7,"4":6,"5":6,"6":3,"7":3,"8":13,"9":6,"10":7,"11":1},"f":{"0":8,"1":6,"2":3,"3":13},"b":{"0":[6]}}
,"/app/src/Components/ErrorHandling/GenErrorPage.tsx": {"path":"/app/src/Components/ErrorHandling/GenErrorPage.tsx","statementMap":{"0":{"start":{"line":2,"column":0},"end":{"line":2,"column":45}},"1":{"start":{"line":9,"column":4},"end":{"line":19,"column":6}},"2":{"start":{"line":15,"column":31},"end":{"line":15,"column":55}},"3":{"start":{"line":22,"column":0},"end":{"line":22,"column":28}}},"fnMap":{"0":{"name":"GenErrorPage","decl":{"start":{"line":8,"column":9},"end":{"line":8,"column":21}},"loc":{"start":{"line":8,"column":50},"end":{"line":20,"column":1}}},"1":{"name":"(anonymous_1)","decl":{"start":{"line":15,"column":25},"end":{"line":15,"column":28}},"loc":{"start":{"line":15,"column":31},"end":{"line":15,"column":55}}}},"branchMap":{},"s":{"0":1,"1":2,"2":1,"3":1},"f":{"0":2,"1":1},"b":{}}
,"/app/src/Components/Navigation/AutoAnonTagsEdit.tsx": {"path":"/app/src/Components/Navigation/AutoAnonTagsEdit.tsx","statementMap":{"0":{"start":{"line":15,"column":0},"end":{"line":15,"column":24}},"1":{"start":{"line":1,"column":0},"end":{"line":1,"column":40}},"2":{"start":{"line":2,"column":0},"end":{"line":2,"column":81}},"3":{"start":{"line":3,"column":0},"end":{"line":3,"column":33}},"4":{"start":{"line":4,"column":0},"end":{"line":4,"column":62}},"5":{"start":{"line":5,"column":0},"end":{"line":5,"column":36}},"6":{"start":{"line":6,"column":0},"end":{"line":6,"column":89}},"7":{"start":{"line":16,"column":41},"end":{"line":17,"column":null}},"8":{"start":{"line":17,"column":19},"end":{"line":17,"column":53}},"9":{"start":{"line":19,"column":44},"end":{"line":20,"column":null}},"10":{"start":{"line":20,"column":19},"end":{"line":20,"column":56}},"11":{"start":{"line":23,"column":23},"end":{"line":23,"column":60}},"12":{"start":{"line":23,"column":43},"end":{"line":23,"column":59}},"13":{"start":{"line":24,"column":26},"end":{"line":24,"column":66}},"14":{"start":{"line":24,"column":46},"end":{"line":24,"column":65}},"15":{"start":{"line":25,"column":26},"end":{"line":25,"column":66}},"16":{"start":{"line":25,"column":46},"end":{"line":25,"column":65}},"17":{"start":{"line":26,"column":25},"end":{"line":26,"column":64}},"18":{"start":{"line":26,"column":45},"end":{"line":26,"column":63}},"19":{"start":{"line":27,"column":24},"end":{"line":27,"column":62}},"20":{"start":{"line":27,"column":44},"end":{"line":27,"column":61}},"21":{"start":{"line":28,"column":25},"end":{"line":28,"column":64}},"22":{"start":{"line":28,"column":45},"end":{"line":28,"column":63}},"23":{"start":{"line":30,"column":30},"end":{"line":30,"column":50}},"24":{"start":{"line":31,"column":34},"end":{"line":31,"column":54}},"25":{"start":{"line":32,"column":36},"end":{"line":32,"column":56}},"26":{"start":{"line":33,"column":40},"end":{"line":33,"column":64}},"27":{"start":{"line":35,"column":30},"end":{"line":35,"column":41}},"28":{"start":{"line":37,"column":26},"end":{"line":37,"column":28}},"29":{"start":{"line":39,"column":23},"end":{"line":47,"column":5}},"30":{"start":{"line":44,"column":8},"end":{"line":44,"column":77}},"31":{"start":{"line":46,"column":8},"end":{"line":46,"column":56}},"32":{"start":{"line":49,"column":19},"end":{"line":83,"column":5}},"33":{"start":{"line":50,"column":8},"end":{"line":50,"column":56}},"34":{"start":{"line":52,"column":8},"end":{"line":57,"column":9}},"35":{"start":{"line":53,"column":12},"end":{"line":53,"column":40}},"36":{"start":{"line":54,"column":12},"end":{"line":54,"column":54}},"37":{"start":{"line":55,"column":12},"end":{"line":55,"column":31}},"38":{"start":{"line":56,"column":12},"end":{"line":56,"column":19}},"39":{"start":{"line":58,"column":8},"end":{"line":63,"column":9}},"40":{"start":{"line":59,"column":12},"end":{"line":59,"column":40}},"41":{"start":{"line":60,"column":12},"end":{"line":60,"column":52}},"42":{"start":{"line":61,"column":12},"end":{"line":61,"column":31}},"43":{"start":{"line":62,"column":12},"end":{"line":62,"column":19}},"44":{"start":{"line":64,"column":8},"end":{"line":69,"column":9}},"45":{"start":{"line":65,"column":12},"end":{"line":65,"column":40}},"46":{"start":{"line":66,"column":12},"end":{"line":66,"column":51}},"47":{"start":{"line":67,"column":12},"end":{"line":67,"column":31}},"48":{"start":{"line":68,"column":12},"end":{"line":68,"column":19}},"49":{"start":{"line":71,"column":21},"end":{"line":71,"column":36}},"50":{"start":{"line":72,"column":8},"end":{"line":76,"column":11}},"51":{"start":{"line":78,"column":8},"end":{"line":78,"column":28}},"52":{"start":{"line":79,"column":8},"end":{"line":79,"column":21}},"53":{"start":{"line":80,"column":8},"end":{"line":80,"column":23}},"54":{"start":{"line":81,"column":8},"end":{"line":81,"column":24}},"55":{"start":{"line":82,"column":8},"end":{"line":82,"column":29}},"56":{"start":{"line":85,"column":30},"end":{"line":129,"column":5}},"57":{"start":{"line":86,"column":8},"end":{"line":86,"column":44}},"58":{"start":{"line":88,"column":8},"end":{"line":95,"column":9}},"59":{"start":{"line":89,"column":12},"end":{"line":91,"column":14}},"60":{"start":{"line":92,"column":12},"end":{"line":92,"column":40}},"61":{"start":{"line":93,"column":12},"end":{"line":93,"column":31}},"62":{"start":{"line":94,"column":12},"end":{"line":94,"column":19}},"63":{"start":{"line":97,"column":8},"end":{"line":103,"column":9}},"64":{"start":{"line":98,"column":12},"end":{"line":98,"column":43}},"65":{"start":{"line":99,"column":12},"end":{"line":99,"column":42}},"66":{"start":{"line":100,"column":12},"end":{"line":100,"column":31}},"67":{"start":{"line":101,"column":12},"end":{"line":101,"column":51}},"68":{"start":{"line":102,"column":12},"end":{"line":102,"column":19}},"69":{"start":{"line":105,"column":21},"end":{"line":105,"column":36}},"70":{"start":{"line":107,"column":8},"end":{"line":118,"column":11}},"71":{"start":{"line":108,"column":12},"end":{"line":117,"column":13}},"72":{"start":{"line":109,"column":16},"end":{"line":112,"column":18}},"73":{"start":{"line":110,"column":49},"end":{"line":110,"column":75}},"74":{"start":{"line":114,"column":16},"end":{"line":116,"column":42}},"75":{"start":{"line":115,"column":49},"end":{"line":115,"column":75}},"76":{"start":{"line":120,"column":8},"end":{"line":120,"column":47}},"77":{"start":{"line":122,"column":8},"end":{"line":122,"column":37}},"78":{"start":{"line":122,"column":27},"end":{"line":122,"column":35}},"79":{"start":{"line":123,"column":8},"end":{"line":123,"column":24}},"80":{"start":{"line":124,"column":8},"end":{"line":124,"column":28}},"81":{"start":{"line":126,"column":8},"end":{"line":126,"column":37}},"82":{"start":{"line":127,"column":8},"end":{"line":127,"column":38}},"83":{"start":{"line":128,"column":8},"end":{"line":128,"column":27}},"84":{"start":{"line":131,"column":26},"end":{"line":139,"column":5}},"85":{"start":{"line":132,"column":22},"end":{"line":133,"column":null}},"86":{"start":{"line":133,"column":21},"end":{"line":133,"column":34}},"87":{"start":{"line":135,"column":8},"end":{"line":137,"column":9}},"88":{"start":{"line":136,"column":12},"end":{"line":136,"column":52}},"89":{"start":{"line":138,"column":8},"end":{"line":138,"column":25}},"90":{"start":{"line":141,"column":4},"end":{"line":278,"column":6}},"91":{"start":{"line":158,"column":24},"end":{"line":158,"column":44}},"92":{"start":{"line":167,"column":24},"end":{"line":167,"column":51}},"93":{"start":{"line":175,"column":24},"end":{"line":175,"column":63}},"94":{"start":{"line":176,"column":24},"end":{"line":176,"column":45}},"95":{"start":{"line":177,"column":24},"end":{"line":177,"column":40}},"96":{"start":{"line":178,"column":24},"end":{"line":178,"column":36}},"97":{"start":{"line":186,"column":24},"end":{"line":186,"column":40}},"98":{"start":{"line":187,"column":24},"end":{"line":187,"column":40}},"99":{"start":{"line":188,"column":24},"end":{"line":188,"column":45}},"100":{"start":{"line":189,"column":24},"end":{"line":189,"column":53}},"101":{"start":{"line":189,"column":43},"end":{"line":189,"column":51}},"102":{"start":{"line":222,"column":44},"end":{"line":222,"column":69}},"103":{"start":{"line":223,"column":44},"end":{"line":225,"column":46}},"104":{"start":{"line":246,"column":44},"end":{"line":246,"column":71}},"105":{"start":{"line":252,"column":55},"end":{"line":252,"column":78}},"106":{"start":{"line":261,"column":30},"end":{"line":262,"column":null}}},"fnMap":{"0":{"name":"AutoAnonTagsEdit","decl":{"start":{"line":15,"column":24},"end":{"line":15,"column":40}},"loc":{"start":{"line":15,"column":40},"end":{"line":279,"column":1}}},"1":{"name":"(anonymous_2)","decl":{"start":{"line":17,"column":8},"end":{"line":17,"column":9}},"loc":{"start":{"line":17,"column":19},"end":{"line":17,"column":53}}},"2":{"name":"(anonymous_3)","decl":{"start":{"line":20,"column":8},"end":{"line":20,"column":9}},"loc":{"start":{"line":20,"column":19},"end":{"line":20,"column":56}}},"3":{"name":"(anonymous_4)","decl":{"start":{"line":23,"column":32},"end":{"line":23,"column":33}},"loc":{"start":{"line":23,"column":43},"end":{"line":23,"column":59}}},"4":{"name":"(anonymous_5)","decl":{"start":{"line":24,"column":35},"end":{"line":24,"column":36}},"loc":{"start":{"line":24,"column":46},"end":{"line":24,"column":65}}},"5":{"name":"(anonymous_6)","decl":{"start":{"line":25,"column":35},"end":{"line":25,"column":36}},"loc":{"start":{"line":25,"column":46},"end":{"line":25,"column":65}}},"6":{"name":"(anonymous_7)","decl":{"start":{"line":26,"column":34},"end":{"line":26,"column":35}},"loc":{"start":{"line":26,"column":45},"end":{"line":26,"column":63}}},"7":{"name":"(anonymous_8)","decl":{"start":{"line":27,"column":33},"end":{"line":27,"column":34}},"loc":{"start":{"line":27,"column":44},"end":{"line":27,"column":61}}},"8":{"name":"(anonymous_9)","decl":{"start":{"line":28,"column":34},"end":{"line":28,"column":35}},"loc":{"start":{"line":28,"column":45},"end":{"line":28,"column":63}}},"9":{"name":"(anonymous_10)","decl":{"start":{"line":39,"column":23},"end":{"line":39,"column":null}},"loc":{"start":{"line":43,"column":8},"end":{"line":47,"column":5}}},"10":{"name":"(anonymous_11)","decl":{"start":{"line":49,"column":19},"end":{"line":49,"column":20}},"loc":{"start":{"line":49,"column":55},"end":{"line":83,"column":5}}},"11":{"name":"(anonymous_12)","decl":{"start":{"line":85,"column":30},"end":{"line":85,"column":33}},"loc":{"start":{"line":85,"column":35},"end":{"line":129,"column":5}}},"12":{"name":"(anonymous_13)","decl":{"start":{"line":107,"column":27},"end":{"line":107,"column":28}},"loc":{"start":{"line":107,"column":43},"end":{"line":118,"column":9}}},"13":{"name":"(anonymous_14)","decl":{"start":{"line":110,"column":35},"end":{"line":110,"column":36}},"loc":{"start":{"line":110,"column":49},"end":{"line":110,"column":75}}},"14":{"name":"(anonymous_15)","decl":{"start":{"line":115,"column":35},"end":{"line":115,"column":36}},"loc":{"start":{"line":115,"column":49},"end":{"line":115,"column":75}}},"15":{"name":"(anonymous_16)","decl":{"start":{"line":122,"column":17},"end":{"line":122,"column":18}},"loc":{"start":{"line":122,"column":27},"end":{"line":122,"column":35}}},"16":{"name":"(anonymous_17)","decl":{"start":{"line":131,"column":26},"end":{"line":131,"column":27}},"loc":{"start":{"line":131,"column":44},"end":{"line":139,"column":5}}},"17":{"name":"(anonymous_18)","decl":{"start":{"line":133,"column":12},"end":{"line":133,"column":13}},"loc":{"start":{"line":133,"column":21},"end":{"line":133,"column":34}}},"18":{"name":"(anonymous_19)","decl":{"start":{"line":157,"column":29},"end":{"line":157,"column":32}},"loc":{"start":{"line":157,"column":34},"end":{"line":159,"column":21}}},"19":{"name":"(anonymous_20)","decl":{"start":{"line":166,"column":29},"end":{"line":166,"column":32}},"loc":{"start":{"line":166,"column":34},"end":{"line":168,"column":21}}},"20":{"name":"(anonymous_21)","decl":{"start":{"line":174,"column":29},"end":{"line":174,"column":32}},"loc":{"start":{"line":174,"column":34},"end":{"line":179,"column":21}}},"21":{"name":"(anonymous_22)","decl":{"start":{"line":185,"column":29},"end":{"line":185,"column":32}},"loc":{"start":{"line":185,"column":34},"end":{"line":190,"column":21}}},"22":{"name":"(anonymous_23)","decl":{"start":{"line":189,"column":33},"end":{"line":189,"column":34}},"loc":{"start":{"line":189,"column":43},"end":{"line":189,"column":51}}},"23":{"name":"(anonymous_24)","decl":{"start":{"line":221,"column":50},"end":{"line":221,"column":51}},"loc":{"start":{"line":221,"column":56},"end":{"line":226,"column":41}}},"24":{"name":"(anonymous_25)","decl":{"start":{"line":245,"column":50},"end":{"line":245,"column":51}},"loc":{"start":{"line":246,"column":44},"end":{"line":246,"column":71}}},"25":{"name":"(anonymous_26)","decl":{"start":{"line":252,"column":49},"end":{"line":252,"column":52}},"loc":{"start":{"line":252,"column":55},"end":{"line":252,"column":78}}},"26":{"name":"(anonymous_27)","decl":{"start":{"line":260,"column":41},"end":{"line":260,"column":42}},"loc":{"start":{"line":261,"column":30},"end":{"line":262,"column":null}}}},"branchMap":{"0":{"loc":{"start":{"line":52,"column":8},"end":{"line":57,"column":9}},"type":"if","locations":[{"start":{"line":52,"column":8},"end":{"line":57,"column":9}}]},"1":{"loc":{"start":{"line":52,"column":12},"end":{"line":52,"column":56}},"type":"binary-expr","locations":[{"start":{"line":52,"column":12},"end":{"line":52,"column":30}},{"start":{"line":52,"column":34},"end":{"line":52,"column":56}}]},"2":{"loc":{"start":{"line":58,"column":8},"end":{"line":63,"column":9}},"type":"if","locations":[{"start":{"line":58,"column":8},"end":{"line":63,"column":9}}]},"3":{"loc":{"start":{"line":64,"column":8},"end":{"line":69,"column":9}},"type":"if","locations":[{"start":{"line":64,"column":8},"end":{"line":69,"column":9}}]},"4":{"loc":{"start":{"line":88,"column":8},"end":{"line":95,"column":9}},"type":"if","locations":[{"start":{"line":88,"column":8},"end":{"line":95,"column":9}}]},"5":{"loc":{"start":{"line":97,"column":8},"end":{"line":103,"column":9}},"type":"if","locations":[{"start":{"line":97,"column":8},"end":{"line":103,"column":9}}]},"6":{"loc":{"start":{"line":108,"column":12},"end":{"line":117,"column":13}},"type":"if","locations":[{"start":{"line":108,"column":12},"end":{"line":117,"column":13}},{"start":{"line":113,"column":19},"end":{"line":117,"column":13}}]},"7":{"loc":{"start":{"line":135,"column":8},"end":{"line":137,"column":9}},"type":"if","locations":[{"start":{"line":135,"column":8},"end":{"line":137,"column":9}}]},"8":{"loc":{"start":{"line":144,"column":16},"end":{"line":146,"column":null}},"type":"cond-expr","locations":[{"start":{"line":145,"column":22},"end":{"line":145,"column":37}},{"start":{"line":146,"column":22},"end":{"line":146,"column":null}}]},"9":{"loc":{"start":{"line":171,"column":21},"end":{"line":171,"column":66}},"type":"cond-expr","locations":[{"start":{"line":171,"column":34},"end":{"line":171,"column":49}},{"start":{"line":171,"column":52},"end":{"line":171,"column":66}}]},"10":{"loc":{"start":{"line":211,"column":21},"end":{"line":257,"column":28}},"type":"cond-expr","locations":[{"start":{"line":212,"column":24},"end":{"line":255,"column":null}},{"start":{"line":257,"column":24},"end":{"line":257,"column":28}}]},"11":{"loc":{"start":{"line":259,"column":21},"end":{"line":274,"column":30}},"type":"cond-expr","locations":[{"start":{"line":260,"column":26},"end":{"line":273,"column":28}},{"start":{"line":274,"column":26},"end":{"line":274,"column":30}}]}},"s":{"0":1,"1":1,"2":1,"3":1,"4":1,"5":1,"6":1,"7":13,"8":13,"9":13,"10":13,"11":13,"12":13,"13":13,"14":13,"15":13,"16":13,"17":13,"18":13,"19":13,"20":13,"21":13,"22":13,"23":13,"24":13,"25":13,"26":13,"27":13,"28":13,"29":13,"30":0,"31":0,"32":13,"33":2,"34":2,"35":1,"36":1,"37":1,"38":1,"39":1,"40":0,"41":0,"42":0,"43":0,"44":1,"45":0,"46":0,"47":0,"48":0,"49":1,"50":1,"51":1,"52":1,"53":1,"54":1,"55":1,"56":13,"57":0,"58":0,"59":0,"60":0,"61":0,"62":0,"63":0,"64":0,"65":0,"66":0,"67":0,"68":0,"69":0,"70":0,"71":0,"72":0,"73":0,"74":0,"75":0,"76":0,"77":0,"78":0,"79":0,"80":0,"81":0,"82":0,"83":0,"84":13,"85":2,"86":7288,"87":2,"88":0,"89":2,"90":13,"91":0,"92":2,"93":1,"94":1,"95":1,"96":1,"97":1,"98":1,"99":1,"100":1,"101":1,"102":2,"103":2,"104":1,"105":2,"106":0},"f":{"0":13,"1":13,"2":13,"3":13,"4":13,"5":13,"6":13,"7":13,"8":13,"9":0,"10":2,"11":0,"12":0,"13":0,"14":0,"15":0,"16":2,"17":7288,"18":0,"19":2,"20":1,"21":1,"22":1,"23":2,"24":1,"25":2,"26":0},"b":{"0":[1],"1":[2,1],"2":[0],"3":[0],"4":[0],"5":[0],"6":[0,0],"7":[0],"8":[13,0],"9":[5,8],"10":[5,8],"11":[0,13]}}
,"/app/src/Components/Navigation/FileNavigation.tsx": {"path":"/app/src/Components/Navigation/FileNavigation.tsx","statementMap":{"0":{"start":{"line":2,"column":0},"end":{"line":2,"column":45}},"1":{"start":{"line":4,"column":0},"end":{"line":4,"column":40}},"2":{"start":{"line":5,"column":0},"end":{"line":5,"column":36}},"3":{"start":{"line":18,"column":61},"end":{"line":62,"column":1}},"4":{"start":{"line":24,"column":4},"end":{"line":24,"column":55}},"5":{"start":{"line":26,"column":4},"end":{"line":61,"column":6}},"6":{"start":{"line":18,"column":13},"end":{"line":18,"column":61}}},"fnMap":{"0":{"name":"(anonymous_1)","decl":{"start":{"line":18,"column":61},"end":{"line":18,"column":62}},"loc":{"start":{"line":23,"column":5},"end":{"line":62,"column":1}}}},"branchMap":{"0":{"loc":{"start":{"line":31,"column":20},"end":{"line":33,"column":49}},"type":"cond-expr","locations":[{"start":{"line":32,"column":26},"end":{"line":32,"column":41}},{"start":{"line":33,"column":26},"end":{"line":33,"column":49}}]},"1":{"loc":{"start":{"line":46,"column":20},"end":{"line":48,"column":45}},"type":"cond-expr","locations":[{"start":{"line":47,"column":26},"end":{"line":47,"column":40}},{"start":{"line":48,"column":26},"end":{"line":48,"column":45}}]}},"s":{"0":1,"1":1,"2":1,"3":1,"4":7,"5":7,"6":1},"f":{"0":7},"b":{"0":[1,6],"1":[1,6]}}
,"/app/src/Components/Navigation/Footer.tsx": {"path":"/app/src/Components/Navigation/Footer.tsx","statementMap":{"0":{"start":{"line":2,"column":0},"end":{"line":2,"column":36}},"1":{"start":{"line":12,"column":32},"end":{"line":23,"column":1}},"2":{"start":{"line":13,"column":4},"end":{"line":13,"column":47}},"3":{"start":{"line":15,"column":4},"end":{"line":22,"column":6}},"4":{"start":{"line":12,"column":13},"end":{"line":12,"column":32}}},"fnMap":{"0":{"name":"(anonymous_1)","decl":{"start":{"line":12,"column":32},"end":{"line":12,"column":35}},"loc":{"start":{"line":12,"column":37},"end":{"line":23,"column":1}}}},"branchMap":{},"s":{"0":1,"1":1,"2":4,"3":4,"4":1},"f":{"0":4},"b":{}}
,"/app/src/Components/Navigation/ThemeSelector.tsx": {"path":"/app/src/Components/Navigation/ThemeSelector.tsx","statementMap":{"0":{"start":{"line":1,"column":0},"end":{"line":1,"column":41}},"1":{"start":{"line":2,"column":0},"end":{"line":2,"column":40}},"2":{"start":{"line":4,"column":0},"end":{"line":4,"column":64}},"3":{"start":{"line":5,"column":0},"end":{"line":5,"column":36}},"4":{"start":{"line":6,"column":0},"end":{"line":6,"column":40}},"5":{"start":{"line":16,"column":59},"end":{"line":58,"column":1}},"6":{"start":{"line":17,"column":24},"end":{"line":17,"column":62}},"7":{"start":{"line":17,"column":44},"end":{"line":17,"column":61}},"8":{"start":{"line":18,"column":22},"end":{"line":18,"column":54}},"9":{"start":{"line":18,"column":42},"end":{"line":18,"column":53}},"10":{"start":{"line":21,"column":4},"end":{"line":29,"column":20}},"11":{"start":{"line":22,"column":8},"end":{"line":22,"column":55}},"12":{"start":{"line":24,"column":8},"end":{"line":24,"column":50}},"13":{"start":{"line":25,"column":27},"end":{"line":25,"column":56}},"14":{"start":{"line":26,"column":8},"end":{"line":26,"column":80}},"15":{"start":{"line":28,"column":8},"end":{"line":28,"column":50}},"16":{"start":{"line":31,"column":4},"end":{"line":31,"column":54}},"17":{"start":{"line":33,"column":4},"end":{"line":57,"column":6}},"18":{"start":{"line":16,"column":13},"end":{"line":16,"column":59}}},"fnMap":{"0":{"name":"(anonymous_1)","decl":{"start":{"line":16,"column":59},"end":{"line":16,"column":62}},"loc":{"start":{"line":16,"column":64},"end":{"line":58,"column":1}}},"1":{"name":"(anonymous_2)","decl":{"start":{"line":17,"column":33},"end":{"line":17,"column":34}},"loc":{"start":{"line":17,"column":44},"end":{"line":17,"column":61}}},"2":{"name":"(anonymous_3)","decl":{"start":{"line":18,"column":31},"end":{"line":18,"column":32}},"loc":{"start":{"line":18,"column":42},"end":{"line":18,"column":53}}},"3":{"name":"(anonymous_4)","decl":{"start":{"line":21,"column":14},"end":{"line":21,"column":17}},"loc":{"start":{"line":21,"column":19},"end":{"line":29,"column":5}}}},"branchMap":{"0":{"loc":{"start":{"line":47,"column":24},"end":{"line":49,"column":46}},"type":"cond-expr","locations":[{"start":{"line":48,"column":30},"end":{"line":48,"column":47}},{"start":{"line":49,"column":30},"end":{"line":49,"column":46}}]}},"s":{"0":1,"1":1,"2":1,"3":1,"4":1,"5":1,"6":6,"7":6,"8":6,"9":6,"10":6,"11":6,"12":6,"13":6,"14":6,"15":6,"16":6,"17":6,"18":1},"f":{"0":6,"1":6,"2":6,"3":6},"b":{"0":[2,4]}}
,"/app/src/Components/Navigation/Topbar.tsx": {"path":"/app/src/Components/Navigation/Topbar.tsx","statementMap":{"0":{"start":{"line":2,"column":0},"end":{"line":2,"column":40}},"1":{"start":{"line":3,"column":0},"end":{"line":3,"column":56}},"2":{"start":{"line":5,"column":0},"end":{"line":5,"column":36}},"3":{"start":{"line":19,"column":45},"end":{"line":67,"column":1}},"4":{"start":{"line":26,"column":4},"end":{"line":26,"column":47}},"5":{"start":{"line":28,"column":4},"end":{"line":66,"column":6}},"6":{"start":{"line":19,"column":13},"end":{"line":19,"column":45}}},"fnMap":{"0":{"name":"(anonymous_1)","decl":{"start":{"line":19,"column":45},"end":{"line":19,"column":46}},"loc":{"start":{"line":25,"column":5},"end":{"line":67,"column":1}}}},"branchMap":{"0":{"loc":{"start":{"line":36,"column":21},"end":{"line":48,"column":null}},"type":"binary-expr","locations":[{"start":{"line":36,"column":21},"end":{"line":36,"column":38}},{"start":{"line":37,"column":24},"end":{"line":47,"column":null}}]},"1":{"loc":{"start":{"line":58,"column":32},"end":{"line":58,"column":null}},"type":"cond-expr","locations":[{"start":{"line":58,"column":49},"end":{"line":58,"column":61}},{"start":{"line":58,"column":64},"end":{"line":58,"column":null}}]}},"s":{"0":1,"1":1,"2":1,"3":1,"4":6,"5":6,"6":1},"f":{"0":6},"b":{"0":[6,5],"1":[0,6]}}
,"/app/src/Components/utils/DownloadOption.tsx": {"path":"/app/src/Components/utils/DownloadOption.tsx","statementMap":{"0":{"start":{"line":2,"column":0},"end":{"line":2,"column":40}},"1":{"start":{"line":3,"column":0},"end":{"line":3,"column":47}},"2":{"start":{"line":4,"column":0},"end":{"line":4,"column":36}},"3":{"start":{"line":5,"column":0},"end":{"line":5,"column":40}},"4":{"start":{"line":7,"column":0},"end":{"line":7,"column":47}},"5":{"start":{"line":17,"column":61},"end":{"line":79,"column":1}},"6":{"start":{"line":18,"column":19},"end":{"line":18,"column":27}},"7":{"start":{"line":19,"column":18},"end":{"line":19,"column":50}},"8":{"start":{"line":19,"column":38},"end":{"line":19,"column":49}},"9":{"start":{"line":20,"column":35},"end":{"line":20,"column":37}},"10":{"start":{"line":21,"column":27},"end":{"line":21,"column":68}},"11":{"start":{"line":21,"column":47},"end":{"line":21,"column":67}},"12":{"start":{"line":22,"column":30},"end":{"line":22,"column":74}},"13":{"start":{"line":22,"column":50},"end":{"line":22,"column":73}},"14":{"start":{"line":24,"column":25},"end":{"line":45,"column":5}},"15":{"start":{"line":25,"column":8},"end":{"line":29,"column":9}},"16":{"start":{"line":27,"column":12},"end":{"line":27,"column":67}},"17":{"start":{"line":28,"column":12},"end":{"line":28,"column":19}},"18":{"start":{"line":31,"column":8},"end":{"line":34,"column":9}},"19":{"start":{"line":32,"column":12},"end":{"line":32,"column":69}},"20":{"start":{"line":33,"column":12},"end":{"line":33,"column":19}},"21":{"start":{"line":36,"column":8},"end":{"line":42,"column":9}},"22":{"start":{"line":37,"column":12},"end":{"line":37,"column":37}},"23":{"start":{"line":38,"column":12},"end":{"line":38,"column":48}},"24":{"start":{"line":40,"column":12},"end":{"line":40,"column":40}},"25":{"start":{"line":41,"column":12},"end":{"line":41,"column":56}},"26":{"start":{"line":44,"column":8},"end":{"line":44,"column":72}},"27":{"start":{"line":47,"column":4},"end":{"line":47,"column":55}},"28":{"start":{"line":49,"column":4},"end":{"line":78,"column":6}},"29":{"start":{"line":17,"column":13},"end":{"line":17,"column":61}}},"fnMap":{"0":{"name":"(anonymous_1)","decl":{"start":{"line":17,"column":61},"end":{"line":17,"column":64}},"loc":{"start":{"line":17,"column":66},"end":{"line":79,"column":1}}},"1":{"name":"(anonymous_2)","decl":{"start":{"line":19,"column":27},"end":{"line":19,"column":28}},"loc":{"start":{"line":19,"column":38},"end":{"line":19,"column":49}}},"2":{"name":"(anonymous_3)","decl":{"start":{"line":21,"column":36},"end":{"line":21,"column":37}},"loc":{"start":{"line":21,"column":47},"end":{"line":21,"column":67}}},"3":{"name":"(anonymous_4)","decl":{"start":{"line":22,"column":39},"end":{"line":22,"column":40}},"loc":{"start":{"line":22,"column":50},"end":{"line":22,"column":73}}},"4":{"name":"(anonymous_5)","decl":{"start":{"line":24,"column":25},"end":{"line":24,"column":26}},"loc":{"start":{"line":24,"column":72},"end":{"line":45,"column":5}}}},"branchMap":{"0":{"loc":{"start":{"line":25,"column":8},"end":{"line":29,"column":9}},"type":"if","locations":[{"start":{"line":25,"column":8},"end":{"line":29,"column":9}}]},"1":{"loc":{"start":{"line":31,"column":8},"end":{"line":34,"column":9}},"type":"if","locations":[{"start":{"line":31,"column":8},"end":{"line":34,"column":9}}]},"2":{"loc":{"start":{"line":36,"column":8},"end":{"line":42,"column":9}},"type":"if","locations":[{"start":{"line":36,"column":8},"end":{"line":42,"column":9}},{"start":{"line":39,"column":15},"end":{"line":42,"column":9}}]},"3":{"loc":{"start":{"line":44,"column":15},"end":{"line":44,"column":70}},"type":"binary-expr","locations":[{"start":{"line":44,"column":15},"end":{"line":44,"column":39}},{"start":{"line":44,"column":43},"end":{"line":44,"column":70}}]},"4":{"loc":{"start":{"line":60,"column":24},"end":{"line":66,"column":54}},"type":"cond-expr","locations":[{"start":{"line":61,"column":30},"end":{"line":61,"column":57}},{"start":{"line":62,"column":30},"end":{"line":66,"column":54}}]},"5":{"loc":{"start":{"line":62,"column":30},"end":{"line":66,"column":54}},"type":"cond-expr","locations":[{"start":{"line":63,"column":32},"end":{"line":63,"column":57}},{"start":{"line":64,"column":32},"end":{"line":66,"column":54}}]},"6":{"loc":{"start":{"line":64,"column":32},"end":{"line":66,"column":54}},"type":"cond-expr","locations":[{"start":{"line":65,"column":34},"end":{"line":65,"column":62}},{"start":{"line":66,"column":34},"end":{"line":66,"column":54}}]},"7":{"loc":{"start":{"line":70,"column":17},"end":{"line":73,"column":null}},"type":"cond-expr","locations":[{"start":{"line":71,"column":20},"end":{"line":71,"column":41}},{"start":{"line":73,"column":20},"end":{"line":73,"column":49}}]}},"s":{"0":1,"1":1,"2":1,"3":1,"4":1,"5":1,"6":4,"7":4,"8":4,"9":4,"10":4,"11":4,"12":4,"13":4,"14":4,"15":2,"16":0,"17":0,"18":2,"19":0,"20":0,"21":2,"22":1,"23":1,"24":1,"25":1,"26":2,"27":4,"28":4,"29":1},"f":{"0":4,"1":4,"2":4,"3":4,"4":2},"b":{"0":[0],"1":[0],"2":[1,1],"3":[2,1],"4":[0,4],"5":[0,4],"6":[2,2],"7":[2,2]}}
,"/app/src/Components/utils/GenButton.tsx": {"path":"/app/src/Components/utils/GenButton.tsx","statementMap":{"0":{"start":{"line":14,"column":51},"end":{"line":28,"column":1}},"1":{"start":{"line":19,"column":4},"end":{"line":27,"column":6}},"2":{"start":{"line":14,"column":13},"end":{"line":14,"column":51}}},"fnMap":{"0":{"name":"(anonymous_0)","decl":{"start":{"line":14,"column":51},"end":{"line":14,"column":52}},"loc":{"start":{"line":18,"column":5},"end":{"line":28,"column":1}}}},"branchMap":{},"s":{"0":9,"1":64,"2":9},"f":{"0":64},"b":{}}
,"/app/src/Components/utils/LoadingScreen.tsx": {"path":"/app/src/Components/utils/LoadingScreen.tsx","statementMap":{"0":{"start":{"line":1,"column":0},"end":{"line":1,"column":58}},"1":{"start":{"line":2,"column":0},"end":{"line":2,"column":36}},"2":{"start":{"line":3,"column":0},"end":{"line":3,"column":40}},"3":{"start":{"line":12,"column":29},"end":{"line":27,"column":1}},"4":{"start":{"line":13,"column":23},"end":{"line":13,"column":60}},"5":{"start":{"line":13,"column":43},"end":{"line":13,"column":59}},"6":{"start":{"line":15,"column":4},"end":{"line":15,"column":54}},"7":{"start":{"line":16,"column":4},"end":{"line":26,"column":6}},"8":{"start":{"line":12,"column":13},"end":{"line":12,"column":29}}},"fnMap":{"0":{"name":"(anonymous_1)","decl":{"start":{"line":12,"column":29},"end":{"line":12,"column":32}},"loc":{"start":{"line":12,"column":34},"end":{"line":27,"column":1}}},"1":{"name":"(anonymous_2)","decl":{"start":{"line":13,"column":32},"end":{"line":13,"column":33}},"loc":{"start":{"line":13,"column":43},"end":{"line":13,"column":59}}}},"branchMap":{},"s":{"0":1,"1":1,"2":1,"3":1,"4":1,"5":3,"6":1,"7":1,"8":1},"f":{"0":1,"1":3},"b":{}}
,"/app/src/Components/utils/Search.tsx": {"path":"/app/src/Components/utils/Search.tsx","statementMap":{"0":{"start":{"line":3,"column":0},"end":{"line":3,"column":36}},"1":{"start":{"line":14,"column":45},"end":{"line":42,"column":1}},"2":{"start":{"line":18,"column":4},"end":{"line":18,"column":47}},"3":{"start":{"line":20,"column":4},"end":{"line":41,"column":6}},"4":{"start":{"line":29,"column":37},"end":{"line":29,"column":67}},"5":{"start":{"line":34,"column":39},"end":{"line":34,"column":57}},"6":{"start":{"line":14,"column":13},"end":{"line":14,"column":45}}},"fnMap":{"0":{"name":"(anonymous_1)","decl":{"start":{"line":14,"column":45},"end":{"line":14,"column":46}},"loc":{"start":{"line":17,"column":5},"end":{"line":42,"column":1}}},"1":{"name":"(anonymous_2)","decl":{"start":{"line":29,"column":30},"end":{"line":29,"column":31}},"loc":{"start":{"line":29,"column":37},"end":{"line":29,"column":67}}},"2":{"name":"(anonymous_3)","decl":{"start":{"line":34,"column":33},"end":{"line":34,"column":36}},"loc":{"start":{"line":34,"column":39},"end":{"line":34,"column":57}}}},"branchMap":{"0":{"loc":{"start":{"line":31,"column":17},"end":{"line":37,"column":null}},"type":"binary-expr","locations":[{"start":{"line":31,"column":17},"end":{"line":31,"column":27}},{"start":{"line":32,"column":20},"end":{"line":34,"column":null}}]}},"s":{"0":4,"1":4,"2":16,"3":16,"4":5,"5":0,"6":4},"f":{"0":16,"1":5,"2":0},"b":{"0":[16,6]}}
,"/app/src/Components/utils/Modals/HelpModal.tsx": {"path":"/app/src/Components/utils/Modals/HelpModal.tsx","statementMap":{"0":{"start":{"line":2,"column":0},"end":{"line":2,"column":41}},"1":{"start":{"line":4,"column":0},"end":{"line":4,"column":40}},"2":{"start":{"line":5,"column":0},"end":{"line":5,"column":36}},"3":{"start":{"line":6,"column":0},"end":{"line":6,"column":60}},"4":{"start":{"line":7,"column":0},"end":{"line":7,"column":60}},"5":{"start":{"line":17,"column":51},"end":{"line":177,"column":1}},"6":{"start":{"line":18,"column":28},"end":{"line":18,"column":70}},"7":{"start":{"line":18,"column":48},"end":{"line":18,"column":69}},"8":{"start":{"line":19,"column":44},"end":{"line":20,"column":null}},"9":{"start":{"line":20,"column":19},"end":{"line":20,"column":56}},"10":{"start":{"line":22,"column":24},"end":{"line":22,"column":62}},"11":{"start":{"line":22,"column":44},"end":{"line":22,"column":61}},"12":{"start":{"line":23,"column":25},"end":{"line":23,"column":64}},"13":{"start":{"line":23,"column":45},"end":{"line":23,"column":63}},"14":{"start":{"line":24,"column":25},"end":{"line":24,"column":64}},"15":{"start":{"line":24,"column":45},"end":{"line":24,"column":63}},"16":{"start":{"line":26,"column":28},"end":{"line":56,"column":5}},"17":{"start":{"line":27,"column":8},"end":{"line":55,"column":9}},"18":{"start":{"line":28,"column":12},"end":{"line":28,"column":54}},"19":{"start":{"line":31,"column":36},"end":{"line":31,"column":57}},"20":{"start":{"line":32,"column":12},"end":{"line":32,"column":51}},"21":{"start":{"line":34,"column":12},"end":{"line":34,"column":33}},"22":{"start":{"line":36,"column":30},"end":{"line":36,"column":67}},"23":{"start":{"line":37,"column":12},"end":{"line":39,"column":13}},"24":{"start":{"line":38,"column":17},"end":{"line":38,"column":57}},"25":{"start":{"line":41,"column":12},"end":{"line":43,"column":14}},"26":{"start":{"line":44,"column":12},"end":{"line":44,"column":42}},"27":{"start":{"line":45,"column":12},"end":{"line":45,"column":31}},"28":{"start":{"line":47,"column":12},"end":{"line":49,"column":21}},"29":{"start":{"line":48,"column":16},"end":{"line":48,"column":41}},"30":{"start":{"line":51,"column":12},"end":{"line":51,"column":56}},"31":{"start":{"line":52,"column":12},"end":{"line":52,"column":67}},"32":{"start":{"line":53,"column":12},"end":{"line":53,"column":40}},"33":{"start":{"line":54,"column":12},"end":{"line":54,"column":31}},"34":{"start":{"line":58,"column":4},"end":{"line":176,"column":6}},"35":{"start":{"line":95,"column":40},"end":{"line":97,"column":42}},"36":{"start":{"line":99,"column":44},"end":{"line":100,"column":null}},"37":{"start":{"line":102,"column":40},"end":{"line":106,"column":41}},"38":{"start":{"line":104,"column":48},"end":{"line":105,"column":54}},"39":{"start":{"line":107,"column":40},"end":{"line":107,"column":62}},"40":{"start":{"line":116,"column":40},"end":{"line":118,"column":42}},"41":{"start":{"line":120,"column":44},"end":{"line":121,"column":null}},"42":{"start":{"line":123,"column":40},"end":{"line":127,"column":41}},"43":{"start":{"line":125,"column":48},"end":{"line":126,"column":54}},"44":{"start":{"line":128,"column":40},"end":{"line":128,"column":78}},"45":{"start":{"line":138,"column":40},"end":{"line":144,"column":41}},"46":{"start":{"line":143,"column":44},"end":{"line":143,"column":62}},"47":{"start":{"line":157,"column":36},"end":{"line":159,"column":38}},"48":{"start":{"line":161,"column":40},"end":{"line":161,"column":77}},"49":{"start":{"line":162,"column":36},"end":{"line":166,"column":37}},"50":{"start":{"line":164,"column":44},"end":{"line":165,"column":50}},"51":{"start":{"line":17,"column":13},"end":{"line":17,"column":51}}},"fnMap":{"0":{"name":"(anonymous_1)","decl":{"start":{"line":17,"column":51},"end":{"line":17,"column":54}},"loc":{"start":{"line":17,"column":56},"end":{"line":177,"column":1}}},"1":{"name":"(anonymous_2)","decl":{"start":{"line":18,"column":37},"end":{"line":18,"column":38}},"loc":{"start":{"line":18,"column":48},"end":{"line":18,"column":69}}},"2":{"name":"(anonymous_3)","decl":{"start":{"line":20,"column":8},"end":{"line":20,"column":9}},"loc":{"start":{"line":20,"column":19},"end":{"line":20,"column":56}}},"3":{"name":"(anonymous_4)","decl":{"start":{"line":22,"column":33},"end":{"line":22,"column":34}},"loc":{"start":{"line":22,"column":44},"end":{"line":22,"column":61}}},"4":{"name":"(anonymous_5)","decl":{"start":{"line":23,"column":34},"end":{"line":23,"column":35}},"loc":{"start":{"line":23,"column":45},"end":{"line":23,"column":63}}},"5":{"name":"(anonymous_6)","decl":{"start":{"line":24,"column":34},"end":{"line":24,"column":35}},"loc":{"start":{"line":24,"column":45},"end":{"line":24,"column":63}}},"6":{"name":"(anonymous_7)","decl":{"start":{"line":26,"column":28},"end":{"line":26,"column":33}},"loc":{"start":{"line":26,"column":39},"end":{"line":56,"column":5}}},"7":{"name":"(anonymous_8)","decl":{"start":{"line":47,"column":23},"end":{"line":47,"column":26}},"loc":{"start":{"line":47,"column":28},"end":{"line":49,"column":13}}},"8":{"name":"(anonymous_9)","decl":{"start":{"line":94,"column":45},"end":{"line":94,"column":48}},"loc":{"start":{"line":94,"column":50},"end":{"line":108,"column":37}}},"9":{"name":"(anonymous_10)","decl":{"start":{"line":115,"column":45},"end":{"line":115,"column":48}},"loc":{"start":{"line":115,"column":50},"end":{"line":129,"column":37}}},"10":{"name":"(anonymous_11)","decl":{"start":{"line":136,"column":45},"end":{"line":136,"column":48}},"loc":{"start":{"line":136,"column":50},"end":{"line":145,"column":37}}},"11":{"name":"(anonymous_12)","decl":{"start":{"line":156,"column":41},"end":{"line":156,"column":44}},"loc":{"start":{"line":156,"column":46},"end":{"line":167,"column":33}}}},"branchMap":{"0":{"loc":{"start":{"line":37,"column":12},"end":{"line":39,"column":13}},"type":"if","locations":[{"start":{"line":37,"column":12},"end":{"line":39,"column":13}}]},"1":{"loc":{"start":{"line":102,"column":40},"end":{"line":106,"column":41}},"type":"if","locations":[{"start":{"line":102,"column":40},"end":{"line":106,"column":41}}]},"2":{"loc":{"start":{"line":123,"column":40},"end":{"line":127,"column":41}},"type":"if","locations":[{"start":{"line":123,"column":40},"end":{"line":127,"column":41}}]},"3":{"loc":{"start":{"line":138,"column":40},"end":{"line":144,"column":41}},"type":"if","locations":[{"start":{"line":138,"column":40},"end":{"line":144,"column":41}}]},"4":{"loc":{"start":{"line":162,"column":36},"end":{"line":166,"column":37}},"type":"if","locations":[{"start":{"line":162,"column":36},"end":{"line":166,"column":37}}]}},"s":{"0":1,"1":1,"2":1,"3":1,"4":1,"5":1,"6":5,"7":15,"8":5,"9":15,"10":5,"11":15,"12":5,"13":15,"14":5,"15":15,"16":5,"17":0,"18":0,"19":0,"20":0,"21":0,"22":0,"23":0,"24":0,"25":0,"26":0,"27":0,"28":0,"29":0,"30":0,"31":0,"32":0,"33":0,"34":5,"35":0,"36":0,"37":0,"38":0,"39":0,"40":0,"41":0,"42":0,"43":0,"44":0,"45":0,"46":0,"47":2,"48":2,"49":2,"50":2,"51":1},"f":{"0":5,"1":15,"2":15,"3":15,"4":15,"5":15,"6":0,"7":0,"8":0,"9":0,"10":0,"11":2},"b":{"0":[0],"1":[0],"2":[0],"3":[0],"4":[2]}}
,"/app/src/Components/utils/Modals/Modal.tsx": {"path":"/app/src/Components/utils/Modals/Modal.tsx","statementMap":{"0":{"start":{"line":2,"column":0},"end":{"line":2,"column":45}},"1":{"start":{"line":16,"column":43},"end":{"line":40,"column":1}},"2":{"start":{"line":22,"column":4},"end":{"line":22,"column":29}},"3":{"start":{"line":22,"column":17},"end":{"line":22,"column":29}},"4":{"start":{"line":24,"column":4},"end":{"line":39,"column":6}},"5":{"start":{"line":32,"column":32},"end":{"line":32,"column":51}},"6":{"start":{"line":16,"column":13},"end":{"line":16,"column":43}}},"fnMap":{"0":{"name":"(anonymous_0)","decl":{"start":{"line":16,"column":43},"end":{"line":16,"column":44}},"loc":{"start":{"line":21,"column":5},"end":{"line":40,"column":1}}},"1":{"name":"(anonymous_1)","decl":{"start":{"line":32,"column":25},"end":{"line":32,"column":26}},"loc":{"start":{"line":32,"column":32},"end":{"line":32,"column":51}}}},"branchMap":{"0":{"loc":{"start":{"line":22,"column":4},"end":{"line":22,"column":29}},"type":"if","locations":[{"start":{"line":22,"column":4},"end":{"line":22,"column":29}}]}},"s":{"0":2,"1":2,"2":9,"3":3,"4":6,"5":2,"6":2},"f":{"0":9,"1":2},"b":{"0":[3]}}
,"/app/src/Components/utils/Modals/QuestionModal.tsx": {"path":"/app/src/Components/utils/Modals/QuestionModal.tsx","statementMap":{"0":{"start":{"line":15,"column":0},"end":{"line":15,"column":16}},"1":{"start":{"line":21,"column":4},"end":{"line":55,"column":6}},"2":{"start":{"line":25,"column":32},"end":{"line":25,"column":51}},"3":{"start":{"line":33,"column":28},"end":{"line":33,"column":44}},"4":{"start":{"line":34,"column":28},"end":{"line":34,"column":45}},"5":{"start":{"line":44,"column":28},"end":{"line":44,"column":45}},"6":{"start":{"line":45,"column":28},"end":{"line":45,"column":45}}},"fnMap":{"0":{"name":"QuestionModal","decl":{"start":{"line":15,"column":16},"end":{"line":15,"column":29}},"loc":{"start":{"line":20,"column":21},"end":{"line":56,"column":1}}},"1":{"name":"(anonymous_1)","decl":{"start":{"line":25,"column":25},"end":{"line":25,"column":26}},"loc":{"start":{"line":25,"column":32},"end":{"line":25,"column":51}}},"2":{"name":"(anonymous_2)","decl":{"start":{"line":32,"column":33},"end":{"line":32,"column":36}},"loc":{"start":{"line":32,"column":38},"end":{"line":35,"column":25}}},"3":{"name":"(anonymous_3)","decl":{"start":{"line":43,"column":33},"end":{"line":43,"column":36}},"loc":{"start":{"line":43,"column":38},"end":{"line":46,"column":25}}}},"branchMap":{},"s":{"0":1,"1":6,"2":5,"3":2,"4":2,"5":2,"6":2},"f":{"0":6,"1":5,"2":2,"3":2},"b":{}}
,"/app/src/DataFunctions/assert.ts": {"path":"/app/src/DataFunctions/assert.ts","statementMap":{"0":{"start":{"line":13,"column":0},"end":{"line":13,"column":16}},"1":{"start":{"line":1,"column":0},"end":{"line":1,"column":36}},"2":{"start":{"line":17,"column":4},"end":{"line":20,"column":5}},"3":{"start":{"line":18,"column":8},"end":{"line":18,"column":52}},"4":{"start":{"line":19,"column":8},"end":{"line":19,"column":55}}},"fnMap":{"0":{"name":"assert","decl":{"start":{"line":13,"column":16},"end":{"line":13,"column":22}},"loc":{"start":{"line":15,"column":20},"end":{"line":21,"column":1}}}},"branchMap":{"0":{"loc":{"start":{"line":17,"column":4},"end":{"line":20,"column":5}},"type":"if","locations":[{"start":{"line":17,"column":4},"end":{"line":20,"column":5}}]},"1":{"loc":{"start":{"line":18,"column":21},"end":{"line":18,"column":50}},"type":"binary-expr","locations":[{"start":{"line":18,"column":21},"end":{"line":18,"column":28}},{"start":{"line":18,"column":32},"end":{"line":18,"column":50}}]},"2":{"loc":{"start":{"line":19,"column":24},"end":{"line":19,"column":53}},"type":"binary-expr","locations":[{"start":{"line":19,"column":24},"end":{"line":19,"column":31}},{"start":{"line":19,"column":35},"end":{"line":19,"column":53}}]}},"s":{"0":12,"1":12,"2":42,"3":3,"4":3},"f":{"0":42},"b":{"0":[3],"1":[3,1],"2":[3,1]}}
,"/app/src/DataFunctions/DicomData/DicomParserUtils.ts": {"path":"/app/src/DataFunctions/DicomData/DicomParserUtils.ts","statementMap":{"0":{"start":{"line":57,"column":0},"end":{"line":57,"column":16}},"1":{"start":{"line":88,"column":0},"end":{"line":88,"column":16}},"2":{"start":{"line":1,"column":0},"end":{"line":1,"column":39}},"3":{"start":{"line":2,"column":0},"end":{"line":2,"column":36}},"4":{"start":{"line":3,"column":0},"end":{"line":3,"column":35}},"5":{"start":{"line":5,"column":0},"end":{"line":5,"column":40}},"6":{"start":{"line":6,"column":0},"end":{"line":6,"column":77}},"7":{"start":{"line":9,"column":19},"end":{"line":9,"column":71}},"8":{"start":{"line":21,"column":30},"end":{"line":50,"column":1}},"9":{"start":{"line":22,"column":4},"end":{"line":22,"column":51}},"10":{"start":{"line":24,"column":4},"end":{"line":49,"column":7}},"11":{"start":{"line":25,"column":23},"end":{"line":25,"column":39}},"12":{"start":{"line":26,"column":8},"end":{"line":46,"column":10}},"13":{"start":{"line":27,"column":12},"end":{"line":45,"column":13}},"14":{"start":{"line":28,"column":16},"end":{"line":37,"column":17}},"15":{"start":{"line":29,"column":36},"end":{"line":30,"column":null}},"16":{"start":{"line":32,"column":38},"end":{"line":32,"column":63}},"17":{"start":{"line":33,"column":20},"end":{"line":33,"column":39}},"18":{"start":{"line":35,"column":20},"end":{"line":35,"column":70}},"19":{"start":{"line":36,"column":20},"end":{"line":36,"column":65}},"20":{"start":{"line":39,"column":16},"end":{"line":41,"column":18}},"21":{"start":{"line":42,"column":16},"end":{"line":44,"column":18}},"22":{"start":{"line":47,"column":8},"end":{"line":47,"column":70}},"23":{"start":{"line":47,"column":31},"end":{"line":47,"column":69}},"24":{"start":{"line":48,"column":8},"end":{"line":48,"column":39}},"25":{"start":{"line":21,"column":13},"end":{"line":21,"column":30}},"26":{"start":{"line":59,"column":26},"end":{"line":59,"column":59}},"27":{"start":{"line":60,"column":34},"end":{"line":60,"column":75}},"28":{"start":{"line":63,"column":4},"end":{"line":74,"column":5}},"29":{"start":{"line":65,"column":8},"end":{"line":65,"column":48}},"30":{"start":{"line":68,"column":8},"end":{"line":72,"column":9}},"31":{"start":{"line":69,"column":12},"end":{"line":71,"column":24}},"32":{"start":{"line":73,"column":8},"end":{"line":73,"column":28}},"33":{"start":{"line":77,"column":20},"end":{"line":77,"column":77}},"34":{"start":{"line":77,"column":48},"end":{"line":77,"column":76}},"35":{"start":{"line":80,"column":4},"end":{"line":80,"column":46}},"36":{"start":{"line":90,"column":28},"end":{"line":90,"column":74}},"37":{"start":{"line":93,"column":4},"end":{"line":95,"column":5}},"38":{"start":{"line":94,"column":8},"end":{"line":94,"column":56}},"39":{"start":{"line":98,"column":26},"end":{"line":98,"column":59}},"40":{"start":{"line":99,"column":34},"end":{"line":99,"column":75}},"41":{"start":{"line":102,"column":4},"end":{"line":109,"column":5}},"42":{"start":{"line":103,"column":24},"end":{"line":104,"column":null}},"43":{"start":{"line":104,"column":21},"end":{"line":104,"column":50}},"44":{"start":{"line":106,"column":8},"end":{"line":108,"column":9}},"45":{"start":{"line":107,"column":12},"end":{"line":107,"column":30}},"46":{"start":{"line":114,"column":4},"end":{"line":117,"column":5}},"47":{"start":{"line":116,"column":8},"end":{"line":116,"column":48}},"48":{"start":{"line":120,"column":4},"end":{"line":120,"column":16}},"49":{"start":{"line":132,"column":32},"end":{"line":216,"column":1}},"50":{"start":{"line":133,"column":4},"end":{"line":133,"column":55}},"51":{"start":{"line":134,"column":4},"end":{"line":134,"column":39}},"52":{"start":{"line":136,"column":33},"end":{"line":136,"column":35}},"53":{"start":{"line":137,"column":4},"end":{"line":140,"column":5}},"54":{"start":{"line":138,"column":8},"end":{"line":138,"column":65}},"55":{"start":{"line":139,"column":8},"end":{"line":139,"column":58}},"56":{"start":{"line":142,"column":4},"end":{"line":208,"column":7}},"57":{"start":{"line":143,"column":24},"end":{"line":143,"column":45}},"58":{"start":{"line":144,"column":22},"end":{"line":144,"column":39}},"59":{"start":{"line":146,"column":24},"end":{"line":146,"column":41}},"60":{"start":{"line":147,"column":17},"end":{"line":147,"column":27}},"61":{"start":{"line":148,"column":26},"end":{"line":148,"column":41}},"62":{"start":{"line":149,"column":8},"end":{"line":155,"column":9}},"63":{"start":{"line":151,"column":12},"end":{"line":151,"column":27}},"64":{"start":{"line":152,"column":12},"end":{"line":154,"column":14}},"65":{"start":{"line":159,"column":8},"end":{"line":193,"column":9}},"66":{"start":{"line":160,"column":12},"end":{"line":189,"column":13}},"67":{"start":{"line":162,"column":20},"end":{"line":162,"column":69}},"68":{"start":{"line":163,"column":20},"end":{"line":163,"column":26}},"69":{"start":{"line":165,"column":20},"end":{"line":178,"column":21}},"70":{"start":{"line":169,"column":24},"end":{"line":175,"column":54}},"71":{"start":{"line":177,"column":24},"end":{"line":177,"column":38}},"72":{"start":{"line":179,"column":20},"end":{"line":179,"column":26}},"73":{"start":{"line":181,"column":20},"end":{"line":181,"column":69}},"74":{"start":{"line":182,"column":20},"end":{"line":182,"column":26}},"75":{"start":{"line":184,"column":20},"end":{"line":184,"column":69}},"76":{"start":{"line":185,"column":20},"end":{"line":185,"column":26}},"77":{"start":{"line":187,"column":20},"end":{"line":187,"column":57}},"78":{"start":{"line":188,"column":20},"end":{"line":188,"column":26}},"79":{"start":{"line":191,"column":12},"end":{"line":191,"column":80}},"80":{"start":{"line":192,"column":12},"end":{"line":192,"column":42}},"81":{"start":{"line":195,"column":8},"end":{"line":207,"column":9}},"82":{"start":{"line":196,"column":31},"end":{"line":200,"column":48}},"83":{"start":{"line":198,"column":20},"end":{"line":198,"column":72}},"84":{"start":{"line":200,"column":34},"end":{"line":200,"column":47}},"85":{"start":{"line":202,"column":12},"end":{"line":202,"column":69}},"86":{"start":{"line":203,"column":15},"end":{"line":207,"column":9}},"87":{"start":{"line":204,"column":12},"end":{"line":204,"column":71}},"88":{"start":{"line":206,"column":12},"end":{"line":206,"column":57}},"89":{"start":{"line":210,"column":4},"end":{"line":213,"column":6}},"90":{"start":{"line":215,"column":4},"end":{"line":215,"column":54}},"91":{"start":{"line":132,"column":13},"end":{"line":132,"column":32}}},"fnMap":{"0":{"name":"(anonymous_1)","decl":{"start":{"line":21,"column":30},"end":{"line":21,"column":31}},"loc":{"start":{"line":21,"column":65},"end":{"line":50,"column":1}}},"1":{"name":"(anonymous_2)","decl":{"start":{"line":24,"column":23},"end":{"line":24,"column":24}},"loc":{"start":{"line":24,"column":43},"end":{"line":49,"column":5}}},"2":{"name":"(anonymous_3)","decl":{"start":{"line":26,"column":24},"end":{"line":26,"column":25}},"loc":{"start":{"line":26,"column":30},"end":{"line":46,"column":9}}},"3":{"name":"(anonymous_4)","decl":{"start":{"line":47,"column":25},"end":{"line":47,"column":28}},"loc":{"start":{"line":47,"column":31},"end":{"line":47,"column":69}}},"4":{"name":"getTagName","decl":{"start":{"line":57,"column":16},"end":{"line":57,"column":26}},"loc":{"start":{"line":57,"column":40},"end":{"line":81,"column":1}}},"5":{"name":"(anonymous_6)","decl":{"start":{"line":77,"column":39},"end":{"line":77,"column":40}},"loc":{"start":{"line":77,"column":48},"end":{"line":77,"column":76}}},"6":{"name":"getTagVR","decl":{"start":{"line":88,"column":16},"end":{"line":88,"column":24}},"loc":{"start":{"line":88,"column":38},"end":{"line":121,"column":1}}},"7":{"name":"(anonymous_8)","decl":{"start":{"line":104,"column":12},"end":{"line":104,"column":13}},"loc":{"start":{"line":104,"column":21},"end":{"line":104,"column":50}}},"8":{"name":"(anonymous_9)","decl":{"start":{"line":132,"column":32},"end":{"line":132,"column":33}},"loc":{"start":{"line":132,"column":76},"end":{"line":216,"column":1}}},"9":{"name":"(anonymous_10)","decl":{"start":{"line":142,"column":42},"end":{"line":142,"column":43}},"loc":{"start":{"line":142,"column":58},"end":{"line":208,"column":5}}},"10":{"name":"(anonymous_11)","decl":{"start":{"line":197,"column":21},"end":{"line":197,"column":22}},"loc":{"start":{"line":198,"column":20},"end":{"line":198,"column":72}}},"11":{"name":"(anonymous_12)","decl":{"start":{"line":200,"column":24},"end":{"line":200,"column":25}},"loc":{"start":{"line":200,"column":34},"end":{"line":200,"column":47}}}},"branchMap":{"0":{"loc":{"start":{"line":27,"column":12},"end":{"line":45,"column":13}},"type":"if","locations":[{"start":{"line":27,"column":12},"end":{"line":45,"column":13}},{"start":{"line":38,"column":19},"end":{"line":45,"column":13}}]},"1":{"loc":{"start":{"line":63,"column":4},"end":{"line":74,"column":5}},"type":"if","locations":[{"start":{"line":63,"column":4},"end":{"line":74,"column":5}}]},"2":{"loc":{"start":{"line":68,"column":8},"end":{"line":72,"column":9}},"type":"if","locations":[{"start":{"line":68,"column":8},"end":{"line":72,"column":9}}]},"3":{"loc":{"start":{"line":68,"column":12},"end":{"line":68,"column":63}},"type":"binary-expr","locations":[{"start":{"line":68,"column":12},"end":{"line":68,"column":32}},{"start":{"line":68,"column":36},"end":{"line":68,"column":63}}]},"4":{"loc":{"start":{"line":80,"column":11},"end":{"line":80,"column":45}},"type":"cond-expr","locations":[{"start":{"line":80,"column":21},"end":{"line":80,"column":33}},{"start":{"line":80,"column":36},"end":{"line":80,"column":45}}]},"5":{"loc":{"start":{"line":90,"column":28},"end":{"line":90,"column":74}},"type":"cond-expr","locations":[{"start":{"line":90,"column":52},"end":{"line":90,"column":66}},{"start":{"line":90,"column":69},"end":{"line":90,"column":74}}]},"6":{"loc":{"start":{"line":93,"column":4},"end":{"line":95,"column":5}},"type":"if","locations":[{"start":{"line":93,"column":4},"end":{"line":95,"column":5}}]},"7":{"loc":{"start":{"line":93,"column":8},"end":{"line":93,"column":69}},"type":"binary-expr","locations":[{"start":{"line":93,"column":8},"end":{"line":93,"column":28}},{"start":{"line":93,"column":32},"end":{"line":93,"column":69}}]},"8":{"loc":{"start":{"line":102,"column":4},"end":{"line":109,"column":5}},"type":"if","locations":[{"start":{"line":102,"column":4},"end":{"line":109,"column":5}}]},"9":{"loc":{"start":{"line":106,"column":8},"end":{"line":108,"column":9}},"type":"if","locations":[{"start":{"line":106,"column":8},"end":{"line":108,"column":9}}]},"10":{"loc":{"start":{"line":114,"column":4},"end":{"line":117,"column":5}},"type":"if","locations":[{"start":{"line":114,"column":4},"end":{"line":117,"column":5}}]},"11":{"loc":{"start":{"line":137,"column":4},"end":{"line":140,"column":5}},"type":"if","locations":[{"start":{"line":137,"column":4},"end":{"line":140,"column":5}}]},"12":{"loc":{"start":{"line":137,"column":8},"end":{"line":137,"column":37}},"type":"binary-expr","locations":[{"start":{"line":137,"column":8},"end":{"line":137,"column":16}},{"start":{"line":137,"column":20},"end":{"line":137,"column":37}}]},"13":{"loc":{"start":{"line":149,"column":8},"end":{"line":155,"column":9}},"type":"if","locations":[{"start":{"line":149,"column":8},"end":{"line":155,"column":9}}]},"14":{"loc":{"start":{"line":160,"column":12},"end":{"line":189,"column":13}},"type":"switch","locations":[{"start":{"line":161,"column":16},"end":{"line":163,"column":26}},{"start":{"line":164,"column":16},"end":{"line":179,"column":26}},{"start":{"line":180,"column":16},"end":{"line":182,"column":26}},{"start":{"line":183,"column":16},"end":{"line":185,"column":26}},{"start":{"line":186,"column":16},"end":{"line":188,"column":26}}]},"15":{"loc":{"start":{"line":162,"column":28},"end":{"line":162,"column":68}},"type":"binary-expr","locations":[{"start":{"line":162,"column":28},"end":{"line":162,"column":59}},{"start":{"line":162,"column":63},"end":{"line":162,"column":68}}]},"16":{"loc":{"start":{"line":165,"column":20},"end":{"line":178,"column":21}},"type":"if","locations":[{"start":{"line":165,"column":20},"end":{"line":178,"column":21}},{"start":{"line":176,"column":27},"end":{"line":178,"column":21}}]},"17":{"loc":{"start":{"line":166,"column":24},"end":{"line":167,"column":52}},"type":"binary-expr","locations":[{"start":{"line":166,"column":24},"end":{"line":166,"column":56}},{"start":{"line":167,"column":24},"end":{"line":167,"column":52}}]},"18":{"loc":{"start":{"line":170,"column":28},"end":{"line":175,"column":53}},"type":"binary-expr","locations":[{"start":{"line":170,"column":28},"end":{"line":175,"column":44}},{"start":{"line":175,"column":48},"end":{"line":175,"column":53}}]},"19":{"loc":{"start":{"line":181,"column":28},"end":{"line":181,"column":68}},"type":"binary-expr","locations":[{"start":{"line":181,"column":28},"end":{"line":181,"column":59}},{"start":{"line":181,"column":63},"end":{"line":181,"column":68}}]},"20":{"loc":{"start":{"line":184,"column":28},"end":{"line":184,"column":68}},"type":"binary-expr","locations":[{"start":{"line":184,"column":28},"end":{"line":184,"column":59}},{"start":{"line":184,"column":63},"end":{"line":184,"column":68}}]},"21":{"loc":{"start":{"line":187,"column":28},"end":{"line":187,"column":56}},"type":"binary-expr","locations":[{"start":{"line":187,"column":28},"end":{"line":187,"column":47}},{"start":{"line":187,"column":51},"end":{"line":187,"column":56}}]},"22":{"loc":{"start":{"line":195,"column":8},"end":{"line":207,"column":9}},"type":"if","locations":[{"start":{"line":195,"column":8},"end":{"line":207,"column":9}},{"start":{"line":203,"column":15},"end":{"line":207,"column":9}}]},"23":{"loc":{"start":{"line":195,"column":12},"end":{"line":195,"column":53}},"type":"binary-expr","locations":[{"start":{"line":195,"column":12},"end":{"line":195,"column":25}},{"start":{"line":195,"column":29},"end":{"line":195,"column":53}}]},"24":{"loc":{"start":{"line":198,"column":20},"end":{"line":198,"column":72}},"type":"cond-expr","locations":[{"start":{"line":198,"column":35},"end":{"line":198,"column":65}},{"start":{"line":198,"column":68},"end":{"line":198,"column":72}}]},"25":{"loc":{"start":{"line":203,"column":15},"end":{"line":207,"column":9}},"type":"if","locations":[{"start":{"line":203,"column":15},"end":{"line":207,"column":9}},{"start":{"line":205,"column":15},"end":{"line":207,"column":9}}]}},"s":{"0":8,"1":8,"2":8,"3":8,"4":8,"5":8,"6":8,"7":8,"8":8,"9":17,"10":17,"11":17,"12":17,"13":16,"14":16,"15":16,"16":15,"17":15,"18":1,"19":1,"20":0,"21":0,"22":17,"23":1,"24":17,"25":8,"26":278,"27":278,"28":278,"29":12,"30":12,"31":1,"32":11,"33":266,"34":237633,"35":266,"36":276,"37":276,"38":274,"39":2,"40":2,"41":2,"42":2,"43":7288,"44":2,"45":0,"46":2,"47":0,"48":2,"49":8,"50":24,"51":24,"52":24,"53":24,"54":0,"55":0,"56":24,"57":276,"58":276,"59":276,"60":276,"61":276,"62":276,"63":0,"64":0,"65":276,"66":276,"67":10,"68":10,"69":0,"70":0,"71":0,"72":0,"73":10,"74":10,"75":10,"76":10,"77":246,"78":246,"79":0,"80":0,"81":276,"82":1,"83":1,"84":1,"85":1,"86":275,"87":2,"88":273,"89":24,"90":24,"91":8},"f":{"0":17,"1":17,"2":16,"3":1,"4":278,"5":237633,"6":276,"7":7288,"8":24,"9":276,"10":1,"11":1},"b":{"0":[16,0],"1":[12],"2":[1],"3":[12,12],"4":[258,8],"5":[269,7],"6":[274],"7":[276,276],"8":[2],"9":[0],"10":[0],"11":[0],"12":[24,24],"13":[0],"14":[10,0,10,10,246],"15":[10,0],"16":[0,0],"17":[0,0],"18":[0,0],"19":[10,0],"20":[10,0],"21":[246,12],"22":[1,275],"23":[276,1],"24":[1,0],"25":[2,273]}}
,"/app/src/DataFunctions/DicomData/DownloadFuncs.ts": {"path":"/app/src/DataFunctions/DicomData/DownloadFuncs.ts","statementMap":{"0":{"start":{"line":19,"column":0},"end":{"line":19,"column":7}},"1":{"start":{"line":97,"column":0},"end":{"line":97,"column":7}},"2":{"start":{"line":122,"column":0},"end":{"line":122,"column":16}},"3":{"start":{"line":1,"column":0},"end":{"line":1,"column":26}},"4":{"start":{"line":3,"column":0},"end":{"line":3,"column":35}},"5":{"start":{"line":4,"column":0},"end":{"line":4,"column":36}},"6":{"start":{"line":5,"column":0},"end":{"line":5,"column":40}},"7":{"start":{"line":20,"column":4},"end":{"line":20,"column":48}},"8":{"start":{"line":21,"column":4},"end":{"line":21,"column":53}},"9":{"start":{"line":23,"column":30},"end":{"line":23,"column":49}},"10":{"start":{"line":25,"column":4},"end":{"line":84,"column":5}},"11":{"start":{"line":26,"column":20},"end":{"line":26,"column":31}},"12":{"start":{"line":28,"column":26},"end":{"line":28,"column":55}},"13":{"start":{"line":30,"column":8},"end":{"line":46,"column":11}},"14":{"start":{"line":31,"column":29},"end":{"line":31,"column":31}},"15":{"start":{"line":33,"column":12},"end":{"line":39,"column":13}},"16":{"start":{"line":34,"column":16},"end":{"line":34,"column":39}},"17":{"start":{"line":35,"column":19},"end":{"line":39,"column":13}},"18":{"start":{"line":36,"column":30},"end":{"line":36,"column":50}},"19":{"start":{"line":37,"column":16},"end":{"line":37,"column":28}},"20":{"start":{"line":38,"column":16},"end":{"line":38,"column":45}},"21":{"start":{"line":41,"column":12},"end":{"line":43,"column":13}},"22":{"start":{"line":42,"column":16},"end":{"line":42,"column":46}},"23":{"start":{"line":45,"column":12},"end":{"line":45,"column":50}},"24":{"start":{"line":48,"column":8},"end":{"line":66,"column":11}},"25":{"start":{"line":49,"column":12},"end":{"line":65,"column":15}},"26":{"start":{"line":50,"column":16},"end":{"line":50,"column":59}},"27":{"start":{"line":51,"column":31},"end":{"line":51,"column":40}},"28":{"start":{"line":52,"column":16},"end":{"line":54,"column":17}},"29":{"start":{"line":53,"column":20},"end":{"line":53,"column":71}},"30":{"start":{"line":56,"column":31},"end":{"line":56,"column":39}},"31":{"start":{"line":57,"column":16},"end":{"line":62,"column":17}},"32":{"start":{"line":58,"column":43},"end":{"line":60,"column":42}},"33":{"start":{"line":61,"column":20},"end":{"line":61,"column":57}},"34":{"start":{"line":64,"column":16},"end":{"line":64,"column":49}},"35":{"start":{"line":68,"column":8},"end":{"line":68,"column":45}},"36":{"start":{"line":69,"column":24},"end":{"line":76,"column":10}},"37":{"start":{"line":78,"column":8},"end":{"line":78,"column":64}},"38":{"start":{"line":79,"column":8},"end":{"line":79,"column":33}},"39":{"start":{"line":80,"column":8},"end":{"line":80,"column":23}},"40":{"start":{"line":82,"column":8},"end":{"line":82,"column":55}},"41":{"start":{"line":83,"column":8},"end":{"line":83,"column":58}},"42":{"start":{"line":98,"column":4},"end":{"line":98,"column":58}},"43":{"start":{"line":100,"column":16},"end":{"line":100,"column":59}},"44":{"start":{"line":102,"column":17},"end":{"line":102,"column":44}},"45":{"start":{"line":103,"column":4},"end":{"line":103,"column":20}},"46":{"start":{"line":104,"column":4},"end":{"line":104,"column":33}},"47":{"start":{"line":106,"column":4},"end":{"line":106,"column":36}},"48":{"start":{"line":107,"column":4},"end":{"line":107,"column":17}},"49":{"start":{"line":108,"column":4},"end":{"line":108,"column":36}},"50":{"start":{"line":109,"column":4},"end":{"line":109,"column":36}},"51":{"start":{"line":127,"column":4},"end":{"line":127,"column":53}},"52":{"start":{"line":129,"column":17},"end":{"line":131,"column":6}},"53":{"start":{"line":133,"column":21},"end":{"line":135,"column":18}},"54":{"start":{"line":137,"column":22},"end":{"line":137,"column":77}},"55":{"start":{"line":139,"column":4},"end":{"line":139,"column":46}},"56":{"start":{"line":141,"column":4},"end":{"line":141,"column":56}}},"fnMap":{"0":{"name":"createZipFromFiles","decl":{"start":{"line":19,"column":22},"end":{"line":19,"column":40}},"loc":{"start":{"line":19,"column":58},"end":{"line":85,"column":1}}},"1":{"name":"(anonymous_2)","decl":{"start":{"line":30,"column":22},"end":{"line":30,"column":23}},"loc":{"start":{"line":30,"column":31},"end":{"line":46,"column":9}}},"2":{"name":"(anonymous_3)","decl":{"start":{"line":48,"column":26},"end":{"line":48,"column":27}},"loc":{"start":{"line":48,"column":54},"end":{"line":66,"column":9}}},"3":{"name":"(anonymous_4)","decl":{"start":{"line":49,"column":32},"end":{"line":49,"column":33}},"loc":{"start":{"line":49,"column":41},"end":{"line":65,"column":13}}},"4":{"name":"downloadDicomFile","decl":{"start":{"line":97,"column":22},"end":{"line":97,"column":39}},"loc":{"start":{"line":97,"column":57},"end":{"line":110,"column":1}}},"5":{"name":"createFile","decl":{"start":{"line":122,"column":16},"end":{"line":122,"column":26}},"loc":{"start":{"line":125,"column":21},"end":{"line":142,"column":1}}}},"branchMap":{"0":{"loc":{"start":{"line":33,"column":12},"end":{"line":39,"column":13}},"type":"if","locations":[{"start":{"line":33,"column":12},"end":{"line":39,"column":13}},{"start":{"line":35,"column":19},"end":{"line":39,"column":13}}]},"1":{"loc":{"start":{"line":35,"column":19},"end":{"line":39,"column":13}},"type":"if","locations":[{"start":{"line":35,"column":19},"end":{"line":39,"column":13}}]},"2":{"loc":{"start":{"line":41,"column":12},"end":{"line":43,"column":13}},"type":"if","locations":[{"start":{"line":41,"column":12},"end":{"line":43,"column":13}}]},"3":{"loc":{"start":{"line":52,"column":16},"end":{"line":54,"column":17}},"type":"if","locations":[{"start":{"line":52,"column":16},"end":{"line":54,"column":17}}]},"4":{"loc":{"start":{"line":53,"column":31},"end":{"line":53,"column":70}},"type":"binary-expr","locations":[{"start":{"line":53,"column":31},"end":{"line":53,"column":57}},{"start":{"line":53,"column":61},"end":{"line":53,"column":70}}]},"5":{"loc":{"start":{"line":57,"column":16},"end":{"line":62,"column":17}},"type":"if","locations":[{"start":{"line":57,"column":16},"end":{"line":62,"column":17}}]},"6":{"loc":{"start":{"line":58,"column":43},"end":{"line":60,"column":42}},"type":"cond-expr","locations":[{"start":{"line":59,"column":26},"end":{"line":59,"column":36}},{"start":{"line":60,"column":26},"end":{"line":60,"column":42}}]},"7":{"loc":{"start":{"line":133,"column":21},"end":{"line":135,"column":18}},"type":"cond-expr","locations":[{"start":{"line":134,"column":10},"end":{"line":134,"column":31}},{"start":{"line":135,"column":10},"end":{"line":135,"column":18}}]},"8":{"loc":{"start":{"line":137,"column":22},"end":{"line":137,"column":77}},"type":"cond-expr","locations":[{"start":{"line":137,"column":33},"end":{"line":137,"column":57}},{"start":{"line":137,"column":60},"end":{"line":137,"column":77}}]}},"s":{"0":3,"1":3,"2":3,"3":3,"4":3,"5":3,"6":3,"7":2,"8":2,"9":2,"10":2,"11":2,"12":2,"13":2,"14":2,"15":2,"16":0,"17":2,"18":0,"19":0,"20":0,"21":2,"22":1,"23":2,"24":2,"25":1,"26":2,"27":2,"28":2,"29":0,"30":2,"31":2,"32":0,"33":0,"34":2,"35":2,"36":2,"37":2,"38":2,"39":2,"40":0,"41":0,"42":3,"43":3,"44":3,"45":3,"46":3,"47":3,"48":3,"49":3,"50":3,"51":3,"52":3,"53":3,"54":3,"55":3,"56":3},"f":{"0":2,"1":2,"2":1,"3":2,"4":3,"5":3},"b":{"0":[0,2],"1":[0],"2":[1],"3":[0],"4":[0,0],"5":[0],"6":[0,0],"7":[2,1],"8":[3,0]}}
,"/app/src/DataFunctions/DicomData/TagUpdater.ts": {"path":"/app/src/DataFunctions/DicomData/TagUpdater.ts","statementMap":{"0":{"start":{"line":66,"column":0},"end":{"line":66,"column":16}},"1":{"start":{"line":475,"column":0},"end":{"line":475,"column":16}},"2":{"start":{"line":13,"column":0},"end":{"line":13,"column":39}},"3":{"start":{"line":14,"column":0},"end":{"line":14,"column":36}},"4":{"start":{"line":18,"column":14},"end":{"line":18,"column":19}},"5":{"start":{"line":20,"column":14},"end":{"line":24,"column":1}},"6":{"start":{"line":21,"column":4},"end":{"line":23,"column":5}},"7":{"start":{"line":22,"column":8},"end":{"line":22,"column":29}},"8":{"start":{"line":26,"column":0},"end":{"line":26,"column":null}},"9":{"start":{"line":27,"column":4},"end":{"line":27,"column":null}},"10":{"start":{"line":28,"column":4},"end":{"line":28,"column":null}},"11":{"start":{"line":29,"column":4},"end":{"line":29,"column":null}},"12":{"start":{"line":30,"column":4},"end":{"line":30,"column":null}},"13":{"start":{"line":31,"column":4},"end":{"line":31,"column":null}},"14":{"start":{"line":32,"column":4},"end":{"line":32,"column":null}},"15":{"start":{"line":34,"column":0},"end":{"line":34,"column":null}},"16":{"start":{"line":35,"column":4},"end":{"line":35,"column":null}},"17":{"start":{"line":36,"column":4},"end":{"line":36,"column":null}},"18":{"start":{"line":37,"column":4},"end":{"line":37,"column":null}},"19":{"start":{"line":38,"column":4},"end":{"line":38,"column":null}},"20":{"start":{"line":39,"column":4},"end":{"line":39,"column":null}},"21":{"start":{"line":40,"column":4},"end":{"line":40,"column":null}},"22":{"start":{"line":41,"column":4},"end":{"line":41,"column":null}},"23":{"start":{"line":42,"column":4},"end":{"line":42,"column":null}},"24":{"start":{"line":43,"column":4},"end":{"line":43,"column":null}},"25":{"start":{"line":44,"column":4},"end":{"line":44,"column":null}},"26":{"start":{"line":45,"column":4},"end":{"line":45,"column":null}},"27":{"start":{"line":47,"column":17},"end":{"line":47,"column":18}},"28":{"start":{"line":48,"column":19},"end":{"line":48,"column":20}},"29":{"start":{"line":49,"column":14},"end":{"line":49,"column":15}},"30":{"start":{"line":50,"column":18},"end":{"line":50,"column":19}},"31":{"start":{"line":51,"column":28},"end":{"line":51,"column":29}},"32":{"start":{"line":52,"column":18},"end":{"line":52,"column":19}},"33":{"start":{"line":53,"column":22},"end":{"line":53,"column":24}},"34":{"start":{"line":54,"column":17},"end":{"line":54,"column":18}},"35":{"start":{"line":55,"column":21},"end":{"line":55,"column":22}},"36":{"start":{"line":67,"column":33},"end":{"line":67,"column":35}},"37":{"start":{"line":68,"column":25},"end":{"line":68,"column":44}},"38":{"start":{"line":69,"column":25},"end":{"line":69,"column":35}},"39":{"start":{"line":73,"column":8},"end":{"line":73,"column":76}},"40":{"start":{"line":75,"column":4},"end":{"line":75,"column":39}},"41":{"start":{"line":77,"column":4},"end":{"line":79,"column":5}},"42":{"start":{"line":78,"column":8},"end":{"line":78,"column":28}},"43":{"start":{"line":81,"column":4},"end":{"line":81,"column":59}},"44":{"start":{"line":83,"column":4},"end":{"line":96,"column":7}},"45":{"start":{"line":84,"column":37},"end":{"line":93,"column":10}},"46":{"start":{"line":94,"column":8},"end":{"line":94,"column":32}},"47":{"start":{"line":95,"column":8},"end":{"line":95,"column":57}},"48":{"start":{"line":98,"column":4},"end":{"line":123,"column":7}},"49":{"start":{"line":99,"column":8},"end":{"line":119,"column":9}},"50":{"start":{"line":100,"column":12},"end":{"line":100,"column":45}},"51":{"start":{"line":101,"column":15},"end":{"line":119,"column":9}},"52":{"start":{"line":102,"column":12},"end":{"line":102,"column":56}},"53":{"start":{"line":104,"column":30},"end":{"line":104,"column":67}},"54":{"start":{"line":105,"column":26},"end":{"line":105,"column":61}},"55":{"start":{"line":106,"column":28},"end":{"line":106,"column":60}},"56":{"start":{"line":107,"column":12},"end":{"line":107,"column":62}},"57":{"start":{"line":109,"column":12},"end":{"line":110,"column":71}},"58":{"start":{"line":112,"column":12},"end":{"line":114,"column":14}},"59":{"start":{"line":115,"column":27},"end":{"line":115,"column":72}},"60":{"start":{"line":116,"column":12},"end":{"line":116,"column":53}},"61":{"start":{"line":118,"column":12},"end":{"line":118,"column":39}},"62":{"start":{"line":121,"column":24},"end":{"line":121,"column":52}},"63":{"start":{"line":122,"column":8},"end":{"line":122,"column":28}},"64":{"start":{"line":125,"column":18},"end":{"line":125,"column":41}},"65":{"start":{"line":127,"column":4},"end":{"line":129,"column":5}},"66":{"start":{"line":128,"column":8},"end":{"line":128,"column":20}},"67":{"start":{"line":131,"column":4},"end":{"line":131,"column":42}},"68":{"start":{"line":141,"column":22},"end":{"line":141,"column":59}},"69":{"start":{"line":142,"column":18},"end":{"line":142,"column":53}},"70":{"start":{"line":143,"column":20},"end":{"line":143,"column":52}},"71":{"start":{"line":145,"column":4},"end":{"line":145,"column":78}},"72":{"start":{"line":146,"column":19},"end":{"line":146,"column":60}},"73":{"start":{"line":148,"column":21},"end":{"line":148,"column":63}},"74":{"start":{"line":150,"column":4},"end":{"line":152,"column":6}},"75":{"start":{"line":151,"column":49},"end":{"line":151,"column":66}},"76":{"start":{"line":154,"column":4},"end":{"line":154,"column":20}},"77":{"start":{"line":172,"column":27},"end":{"line":172,"column":46}},"78":{"start":{"line":174,"column":18},"end":{"line":174,"column":66}},"79":{"start":{"line":175,"column":17},"end":{"line":177,"column":null}},"80":{"start":{"line":180,"column":17},"end":{"line":180,"column":45}},"81":{"start":{"line":181,"column":21},"end":{"line":181,"column":46}},"82":{"start":{"line":183,"column":4},"end":{"line":183,"column":46}},"83":{"start":{"line":184,"column":4},"end":{"line":190,"column":6}},"84":{"start":{"line":192,"column":4},"end":{"line":192,"column":20}},"85":{"start":{"line":205,"column":27},"end":{"line":205,"column":46}},"86":{"start":{"line":207,"column":18},"end":{"line":207,"column":69}},"87":{"start":{"line":208,"column":17},"end":{"line":210,"column":null}},"88":{"start":{"line":213,"column":21},"end":{"line":213,"column":47}},"89":{"start":{"line":215,"column":4},"end":{"line":215,"column":49}},"90":{"start":{"line":217,"column":4},"end":{"line":217,"column":20}},"91":{"start":{"line":230,"column":27},"end":{"line":230,"column":75}},"92":{"start":{"line":231,"column":4},"end":{"line":231,"column":33}},"93":{"start":{"line":232,"column":4},"end":{"line":232,"column":49}},"94":{"start":{"line":233,"column":4},"end":{"line":233,"column":26}},"95":{"start":{"line":253,"column":8},"end":{"line":253,"column":69}},"96":{"start":{"line":254,"column":24},"end":{"line":254,"column":43}},"97":{"start":{"line":256,"column":18},"end":{"line":256,"column":38}},"98":{"start":{"line":258,"column":8},"end":{"line":265,"column":78}},"99":{"start":{"line":267,"column":19},"end":{"line":267,"column":60}},"100":{"start":{"line":268,"column":4},"end":{"line":268,"column":24}},"101":{"start":{"line":269,"column":4},"end":{"line":276,"column":5}},"102":{"start":{"line":272,"column":8},"end":{"line":272,"column":40}},"103":{"start":{"line":274,"column":8},"end":{"line":274,"column":36}},"104":{"start":{"line":275,"column":8},"end":{"line":275,"column":44}},"105":{"start":{"line":278,"column":4},"end":{"line":278,"column":28}},"106":{"start":{"line":280,"column":4},"end":{"line":280,"column":31}},"107":{"start":{"line":282,"column":4},"end":{"line":360,"column":5}},"108":{"start":{"line":284,"column":12},"end":{"line":292,"column":14}},"109":{"start":{"line":293,"column":12},"end":{"line":293,"column":18}},"110":{"start":{"line":295,"column":12},"end":{"line":303,"column":14}},"111":{"start":{"line":304,"column":12},"end":{"line":304,"column":18}},"112":{"start":{"line":306,"column":12},"end":{"line":314,"column":14}},"113":{"start":{"line":315,"column":12},"end":{"line":315,"column":18}},"114":{"start":{"line":317,"column":12},"end":{"line":325,"column":14}},"115":{"start":{"line":326,"column":12},"end":{"line":326,"column":18}},"116":{"start":{"line":328,"column":12},"end":{"line":336,"column":14}},"117":{"start":{"line":337,"column":12},"end":{"line":337,"column":18}},"118":{"start":{"line":339,"column":12},"end":{"line":347,"column":14}},"119":{"start":{"line":348,"column":12},"end":{"line":348,"column":18}},"120":{"start":{"line":356,"column":12},"end":{"line":358,"column":13}},"121":{"start":{"line":356,"column":25},"end":{"line":356,"column":26}},"122":{"start":{"line":357,"column":16},"end":{"line":357,"column":59}},"123":{"start":{"line":359,"column":12},"end":{"line":359,"column":18}},"124":{"start":{"line":361,"column":4},"end":{"line":361,"column":18}},"125":{"start":{"line":379,"column":20},"end":{"line":379,"column":48}},"126":{"start":{"line":380,"column":17},"end":{"line":380,"column":38}},"127":{"start":{"line":381,"column":4},"end":{"line":405,"column":5}},"128":{"start":{"line":383,"column":12},"end":{"line":383,"column":49}},"129":{"start":{"line":384,"column":12},"end":{"line":384,"column":18}},"130":{"start":{"line":386,"column":12},"end":{"line":386,"column":49}},"131":{"start":{"line":387,"column":12},"end":{"line":387,"column":18}},"132":{"start":{"line":389,"column":12},"end":{"line":389,"column":33}},"133":{"start":{"line":390,"column":12},"end":{"line":390,"column":18}},"134":{"start":{"line":392,"column":12},"end":{"line":392,"column":48}},"135":{"start":{"line":393,"column":12},"end":{"line":393,"column":18}},"136":{"start":{"line":395,"column":12},"end":{"line":395,"column":48}},"137":{"start":{"line":396,"column":12},"end":{"line":396,"column":18}},"138":{"start":{"line":398,"column":12},"end":{"line":398,"column":50}},"139":{"start":{"line":399,"column":12},"end":{"line":399,"column":18}},"140":{"start":{"line":401,"column":12},"end":{"line":401,"column":50}},"141":{"start":{"line":402,"column":12},"end":{"line":402,"column":18}},"142":{"start":{"line":404,"column":12},"end":{"line":404,"column":18}},"143":{"start":{"line":406,"column":4},"end":{"line":406,"column":35}},"144":{"start":{"line":417,"column":20},"end":{"line":417,"column":41}},"145":{"start":{"line":418,"column":4},"end":{"line":420,"column":5}},"146":{"start":{"line":418,"column":17},"end":{"line":418,"column":18}},"147":{"start":{"line":419,"column":8},"end":{"line":419,"column":38}},"148":{"start":{"line":422,"column":4},"end":{"line":422,"column":28}},"149":{"start":{"line":423,"column":4},"end":{"line":423,"column":19}},"150":{"start":{"line":435,"column":4},"end":{"line":463,"column":5}},"151":{"start":{"line":436,"column":20},"end":{"line":436,"column":46}},"152":{"start":{"line":437,"column":25},"end":{"line":437,"column":26}},"153":{"start":{"line":439,"column":8},"end":{"line":442,"column":9}},"154":{"start":{"line":441,"column":12},"end":{"line":441,"column":25}},"155":{"start":{"line":443,"column":8},"end":{"line":455,"column":9}},"156":{"start":{"line":445,"column":16},"end":{"line":445,"column":51}},"157":{"start":{"line":446,"column":16},"end":{"line":446,"column":22}},"158":{"start":{"line":448,"column":16},"end":{"line":448,"column":51}},"159":{"start":{"line":449,"column":16},"end":{"line":449,"column":22}},"160":{"start":{"line":451,"column":16},"end":{"line":451,"column":51}},"161":{"start":{"line":452,"column":16},"end":{"line":452,"column":22}},"162":{"start":{"line":454,"column":16},"end":{"line":454,"column":22}},"163":{"start":{"line":456,"column":8},"end":{"line":456,"column":26}},"164":{"start":{"line":457,"column":11},"end":{"line":463,"column":5}},"165":{"start":{"line":458,"column":8},"end":{"line":458,"column":17}},"166":{"start":{"line":460,"column":8},"end":{"line":460,"column":58}},"167":{"start":{"line":462,"column":8},"end":{"line":462,"column":35}},"168":{"start":{"line":479,"column":4},"end":{"line":479,"column":79}},"169":{"start":{"line":479,"column":52},"end":{"line":479,"column":77}},"170":{"start":{"line":491,"column":4},"end":{"line":500,"column":5}},"171":{"start":{"line":492,"column":8},"end":{"line":492,"column":37}},"172":{"start":{"line":493,"column":8},"end":{"line":493,"column":42}},"173":{"start":{"line":494,"column":8},"end":{"line":494,"column":36}},"174":{"start":{"line":495,"column":8},"end":{"line":495,"column":20}},"175":{"start":{"line":497,"column":8},"end":{"line":497,"column":54}},"176":{"start":{"line":498,"column":8},"end":{"line":498,"column":47}},"177":{"start":{"line":499,"column":8},"end":{"line":499,"column":21}}},"fnMap":{"0":{"name":"(anonymous_1)","decl":{"start":{"line":20,"column":14},"end":{"line":20,"column":15}},"loc":{"start":{"line":20,"column":34},"end":{"line":24,"column":1}}},"1":{"name":"(anonymous_2)","decl":{"start":{"line":26,"column":0},"end":{"line":26,"column":5}},"loc":{"start":{"line":26,"column":12},"end":{"line":33,"column":1}}},"2":{"name":"(anonymous_3)","decl":{"start":{"line":34,"column":0},"end":{"line":34,"column":5}},"loc":{"start":{"line":34,"column":28},"end":{"line":46,"column":1}}},"3":{"name":"tagUpda
[...]
olumn":41},"end":{"line":303,"column":null}},"32":{"start":{"line":303,"column":38},"end":{"line":303,"column":75}},"33":{"start":{"line":305,"column":16},"end":{"line":305,"column":58}},"34":{"start":{"line":309,"column":12},"end":{"line":309,"column":67}},"35":{"start":{"line":311,"column":29},"end":{"line":311,"column":54}},"36":{"start":{"line":316,"column":33},"end":{"line":316,"column":62}},"37":{"start":{"line":319,"column":23},"end":{"line":319,"column":36}},"38":{"start":{"line":322,"column":8},"end":{"line":322,"column":34}},"39":{"start":{"line":323,"column":8},"end":{"line":323,"column":31}},"40":{"start":{"line":324,"column":8},"end":{"line":324,"column":27}},"41":{"start":{"line":325,"column":8},"end":{"line":325,"column":37}},"42":{"start":{"line":326,"column":8},"end":{"line":326,"column":32}},"43":{"start":{"line":327,"column":8},"end":{"line":327,"column":39}},"44":{"start":{"line":328,"column":8},"end":{"line":328,"column":31}},"45":{"start":{"line":333,"column":8},"end":{"line":333,"column":51}},"46":{"start":{"line":336,"column":29},"end":{"line":336,"column":50}},"47":{"start":{"line":339,"column":28},"end":{"line":339,"column":52}},"48":{"start":{"line":342,"column":26},"end":{"line":342,"column":48}},"49":{"start":{"line":346,"column":8},"end":{"line":353,"column":11}},"50":{"start":{"line":354,"column":8},"end":{"line":354,"column":44}},"51":{"start":{"line":359,"column":8},"end":{"line":359,"column":47}},"52":{"start":{"line":363,"column":8},"end":{"line":363,"column":54}},"53":{"start":{"line":369,"column":8},"end":{"line":369,"column":34}},"54":{"start":{"line":370,"column":8},"end":{"line":370,"column":67}},"55":{"start":{"line":373,"column":8},"end":{"line":373,"column":38}},"56":{"start":{"line":374,"column":8},"end":{"line":374,"column":44}},"57":{"start":{"line":375,"column":8},"end":{"line":375,"column":51}},"58":{"start":{"line":376,"column":8},"end":{"line":376,"column":33}},"59":{"start":{"line":377,"column":8},"end":{"line":377,"column":71}},"60":{"start":{"line":382,"column":8},"end":{"line":382,"column":42}},"61":{"start":{"line":386,"column":31},"end":{"line":386,"column":58}},"62":{"start":{"line":392,"column":8},"end":{"line":439,"column":9}},"63":{"start":{"line":394,"column":34},"end":{"line":394,"column":64}},"64":{"start":{"line":396,"column":12},"end":{"line":435,"column":13}},"65":{"start":{"line":397,"column":29},"end":{"line":397,"column":63}},"66":{"start":{"line":400,"column":16},"end":{"line":418,"column":17}},"67":{"start":{"line":401,"column":20},"end":{"line":401,"column":60}},"68":{"start":{"line":402,"column":40},"end":{"line":402,"column":74}},"69":{"start":{"line":403,"column":20},"end":{"line":406,"column":23}},"70":{"start":{"line":407,"column":20},"end":{"line":409,"column":22}},"71":{"start":{"line":411,"column":20},"end":{"line":414,"column":23}},"72":{"start":{"line":415,"column":20},"end":{"line":417,"column":22}},"73":{"start":{"line":421,"column":16},"end":{"line":423,"column":18}},"74":{"start":{"line":424,"column":37},"end":{"line":429,"column":null}},"75":{"start":{"line":425,"column":40},"end":{"line":429,"column":22}},"76":{"start":{"line":431,"column":16},"end":{"line":434,"column":19}},"77":{"start":{"line":437,"column":12},"end":{"line":437,"column":65}},"78":{"start":{"line":438,"column":12},"end":{"line":438,"column":50}},"79":{"start":{"line":443,"column":24},"end":{"line":443,"column":57}},"80":{"start":{"line":445,"column":8},"end":{"line":462,"column":9}},"81":{"start":{"line":447,"column":12},"end":{"line":449,"column":16}},"82":{"start":{"line":447,"column":28},"end":{"line":449,"column":14}},"83":{"start":{"line":451,"column":12},"end":{"line":455,"column":15}},"84":{"start":{"line":457,"column":12},"end":{"line":461,"column":15}},"85":{"start":{"line":464,"column":8},"end":{"line":464,"column":23}},"86":{"start":{"line":468,"column":24},"end":{"line":468,"column":60}},"87":{"start":{"line":470,"column":8},"end":{"line":489,"column":9}},"88":{"start":{"line":472,"column":12},"end":{"line":476,"column":16}},"89":{"start":{"line":472,"column":28},"end":{"line":476,"column":14}},"90":{"start":{"line":474,"column":20},"end":{"line":474,"column":51}},"91":{"start":{"line":478,"column":12},"end":{"line":482,"column":15}},"92":{"start":{"line":484,"column":12},"end":{"line":488,"column":15}},"93":{"start":{"line":491,"column":8},"end":{"line":491,"column":23}},"94":{"start":{"line":495,"column":24},"end":{"line":495,"column":62}},"95":{"start":{"line":497,"column":8},"end":{"line":516,"column":9}},"96":{"start":{"line":499,"column":12},"end":{"line":503,"column":16}},"97":{"start":{"line":499,"column":28},"end":{"line":503,"column":14}},"98":{"start":{"line":501,"column":27},"end":{"line":501,"column":44}},"99":{"start":{"line":505,"column":12},"end":{"line":509,"column":15}},"100":{"start":{"line":511,"column":12},"end":{"line":515,"column":15}},"101":{"start":{"line":518,"column":8},"end":{"line":518,"column":23}},"102":{"start":{"line":522,"column":8},"end":{"line":522,"column":67}},"103":{"start":{"line":523,"column":8},"end":{"line":523,"column":31}},"104":{"start":{"line":525,"column":24},"end":{"line":525,"column":63}},"105":{"start":{"line":527,"column":8},"end":{"line":543,"column":9}},"106":{"start":{"line":529,"column":25},"end":{"line":529,"column":59}},"107":{"start":{"line":530,"column":12},"end":{"line":530,"column":41}},"108":{"start":{"line":532,"column":12},"end":{"line":536,"column":15}},"109":{"start":{"line":538,"column":12},"end":{"line":542,"column":15}},"110":{"start":{"line":544,"column":8},"end":{"line":544,"column":32}},"111":{"start":{"line":545,"column":8},"end":{"line":545,"column":23}}},"fnMap":{"0":{"name":"(anonymous_1)","decl":{"start":{"line":235,"column":38},"end":{"line":235,"column":39}},"loc":{"start":{"line":235,"column":48},"end":{"line":547,"column":2}}},"1":{"name":"(anonymous_2)","decl":{"start":{"line":237,"column":14},"end":{"line":237,"column":15}},"loc":{"start":{"line":237,"column":25},"end":{"line":237,"column":39}}},"2":{"name":"(anonymous_3)","decl":{"start":{"line":240,"column":18},"end":{"line":240,"column":19}},"loc":{"start":{"line":240,"column":33},"end":{"line":240,"column":51}}},"3":{"name":"(anonymous_4)","decl":{"start":{"line":243,"column":25},"end":{"line":243,"column":26}},"loc":{"start":{"line":243,"column":36},"end":{"line":243,"column":68}}},"4":{"name":"(anonymous_5)","decl":{"start":{"line":246,"column":16},"end":{"line":246,"column":17}},"loc":{"start":{"line":246,"column":29},"end":{"line":246,"column":45}}},"5":{"name":"(anonymous_6)","decl":{"start":{"line":249,"column":19},"end":{"line":249,"column":20}},"loc":{"start":{"line":249,"column":28},"end":{"line":249,"column":52}}},"6":{"name":"(anonymous_7)","decl":{"start":{"line":252,"column":15},"end":{"line":252,"column":18}},"loc":{"start":{"line":252,"column":21},"end":{"line":252,"column":50}}},"7":{"name":"(anonymous_8)","decl":{"start":{"line":253,"column":23},"end":{"line":253,"column":24}},"loc":{"start":{"line":253,"column":33},"end":{"line":253,"column":62}}},"8":{"name":"(anonymous_9)","decl":{"start":{"line":256,"column":23},"end":{"line":256,"column":24}},"loc":{"start":{"line":256,"column":36},"end":{"line":256,"column":68}}},"9":{"name":"(anonymous_10)","decl":{"start":{"line":259,"column":25},"end":{"line":259,"column":26}},"loc":{"start":{"line":259,"column":38},"end":{"line":259,"column":72}}},"10":{"name":"(anonymous_11)","decl":{"start":{"line":262,"column":24},"end":{"line":262,"column":25}},"loc":{"start":{"line":262,"column":34},"end":{"line":262,"column":64}}},"11":{"name":"(anonymous_12)","decl":{"start":{"line":265,"column":22},"end":{"line":265,"column":23}},"loc":{"start":{"line":265,"column":32},"end":{"line":265,"column":60}}},"12":{"name":"(anonymous_13)","decl":{"start":{"line":268,"column":15},"end":{"line":268,"column":16}},"loc":{"start":{"line":268,"column":27},"end":{"line":268,"column":42}}},"13":{"name":"(anonymous_14)","decl":{"start":{"line":269,"column":18},"end":{"line":269,"column":21}},"loc":{"start":{"line":269,"column":24},"end":{"line":269,"column":67}}},"14":{"name":"(anonymous_15)","decl":{"start":{"line":269,"column":28},"end":{"line":269,"column":29}},"loc":{"start":{"line":269,"column":40},"end":{"line":269,"column":65}}},"15":{"name":"(anonymous_16)","decl":{"start":{"line":272,"column":26},"end":{"line":272,"column":27}},"loc":{"start":{"line":273,"column":8},"end":{"line":273,"column":47}}},"16":{"name":"(anonymous_17)","decl":{"start":{"line":279,"column":23},"end":{"line":279,"column":24}},"loc":{"start":{"line":279,"column":34},"end":{"line":282,"column":5}}},"17":{"name":"(anonymous_18)","decl":{"start":{"line":285,"column":17},"end":{"line":285,"column":20}},"loc":{"start":{"line":286,"column":8},"end":{"line":289,"column":null}}},"18":{"name":"(anonymous_19)","decl":{"start":{"line":286,"column":12},"end":{"line":286,"column":13}},"loc":{"start":{"line":287,"column":12},"end":{"line":289,"column":40}}},"19":{"name":"(anonymous_20)","decl":{"start":{"line":293,"column":21},"end":{"line":293,"column":22}},"loc":{"start":{"line":294,"column":8},"end":{"line":310,"column":10}}},"20":{"name":"(anonymous_21)","decl":{"start":{"line":294,"column":12},"end":{"line":294,"column":13}},"loc":{"start":{"line":294,"column":22},"end":{"line":310,"column":9}}},"21":{"name":"(anonymous_22)","decl":{"start":{"line":296,"column":16},"end":{"line":296,"column":17}},"loc":{"start":{"line":297,"column":20},"end":{"line":297,"column":80}}},"22":{"name":"(anonymous_23)","decl":{"start":{"line":303,"column":20},"end":{"line":303,"column":21}},"loc":{"start":{"line":303,"column":38},"end":{"line":303,"column":75}}},"23":{"name":"(anonymous_24)","decl":{"start":{"line":311,"column":23},"end":{"line":311,"column":26}},"loc":{"start":{"line":311,"column":29},"end":{"line":311,"column":54}}},"24":{"name":"(anonymous_25)","decl":{"start":{"line":316,"column":23},"end":{"line":316,"column":24}},"loc":{"start":{"line":316,"column":33},"end":{"line":316,"column":62}}},"25":{"name":"(anonymous_26)","decl":{"start":{"line":319,"column":13},"end":{"line":319,"column":14}},"loc":{"start":{"line":319,"column":23},"end":{"line":319,"column":36}}},"26":{"name":"(anonymous_27)","decl":{"start":{"line":321,"column":15},"end":{"line":321,"column":18}},"loc":{"start":{"line":321,"column":20},"end":{"line":329,"column":5}}},"27":{"name":"(anonymous_28)","decl":{"start":{"line":332,"column":32},"end":{"line":332,"column":33}},"loc":{"start":{"line":333,"column":8},"end":{"line":333,"column":51}}},"28":{"name":"(anonymous_29)","decl":{"start":{"line":336,"column":19},"end":{"line":336,"column":20}},"loc":{"start":{"line":336,"column":29},"end":{"line":336,"column":50}}},"29":{"name":"(anonymous_30)","decl":{"start":{"line":339,"column":18},"end":{"line":339,"column":19}},"loc":{"start":{"line":339,"column":28},"end":{"line":339,"column":52}}},"30":{"name":"(anonymous_31)","decl":{"start":{"line":342,"column":17},"end":{"line":342,"column":18}},"loc":{"start":{"line":342,"column":26},"end":{"line":342,"column":48}}},"31":{"name":"(anonymous_32)","decl":{"start":{"line":345,"column":18},"end":{"line":345,"column":19}},"loc":{"start":{"line":345,"column":27},"end":{"line":355,"column":5}}},"32":{"name":"(anonymous_33)","decl":{"start":{"line":358,"column":28},"end":{"line":358,"column":29}},"loc":{"start":{"line":359,"column":8},"end":{"line":359,"column":47}}},"33":{"name":"(anonymous_34)","decl":{"start":{"line":362,"column":37},"end":{"line":362,"column":38}},"loc":{"start":{"line":363,"column":8},"end":{"line":363,"column":54}}},"34":{"name":"(anonymous_35)","decl":{"start":{"line":368,"column":19},"end":{"line":368,"column":20}},"loc":{"start":{"line":368,"column":28},"end":{"line":371,"column":5}}},"35":{"name":"(anonymous_36)","decl":{"start":{"line":372,"column":19},"end":{"line":372,"column":22}},"loc":{"start":{"line":372,"column":24},"end":{"line":378,"column":5}}},"36":{"name":"(anonymous_37)","decl":{"start":{"line":381,"column":22},"end":{"line":381,"column":23}},"loc":{"start":{"line":381,"column":36},"end":{"line":383,"column":5}}},"37":{"name":"(anonymous_38)","decl":{"start":{"line":386,"column":21},"end":{"line":386,"column":22}},"loc":{"start":{"line":386,"column":31},"end":{"line":386,"column":58}}},"38":{"name":"(anonymous_39)","decl":{"start":{"line":391,"column":23},"end":{"line":391,"column":28}},"loc":{"start":{"line":391,"column":34},"end":{"line":440,"column":5}}},"39":{"name":"(anonymous_40)","decl":{"start":{"line":425,"column":20},"end":{"line":425,"column":21}},"loc":{"start":{"line":425,"column":40},"end":{"line":429,"column":22}}},"40":{"name":"(anonymous_41)","decl":{"start":{"line":442,"column":24},"end":{"line":442,"column":29}},"loc":{"start":{"line":442,"column":57},"end":{"line":465,"column":5}}},"41":{"name":"(anonymous_42)","decl":{"start":{"line":447,"column":16},"end":{"line":447,"column":17}},"loc":{"start":{"line":447,"column":28},"end":{"line":449,"column":14}}},"42":{"name":"(anonymous_43)","decl":{"start":{"line":467,"column":27},"end":{"line":467,"column":32}},"loc":{"start":{"line":467,"column":60},"end":{"line":492,"column":5}}},"43":{"name":"(anonymous_44)","decl":{"start":{"line":472,"column":16},"end":{"line":472,"column":17}},"loc":{"start":{"line":472,"column":28},"end":{"line":476,"column":14}}},"44":{"name":"(anonymous_45)","decl":{"start":{"line":473,"column":55},"end":{"line":473,"column":56}},"loc":{"start":{"line":474,"column":20},"end":{"line":474,"column":51}}},"45":{"name":"(anonymous_46)","decl":{"start":{"line":494,"column":29},"end":{"line":494,"column":34}},"loc":{"start":{"line":494,"column":53},"end":{"line":519,"column":5}}},"46":{"name":"(anonymous_47)","decl":{"start":{"line":499,"column":16},"end":{"line":499,"column":17}},"loc":{"start":{"line":499,"column":28},"end":{"line":503,"column":14}}},"47":{"name":"(anonymous_48)","decl":{"start":{"line":501,"column":20},"end":{"line":501,"column":21}},"loc":{"start":{"line":501,"column":27},"end":{"line":501,"column":44}}},"48":{"name":"(anonymous_49)","decl":{"start":{"line":521,"column":24},"end":{"line":521,"column":29}},"loc":{"start":{"line":521,"column":35},"end":{"line":546,"column":5}}}},"branchMap":{"0":{"loc":{"start":{"line":275,"column":20},"end":{"line":277,"column":59}},"type":"cond-expr","locations":[{"start":{"line":276,"column":10},"end":{"line":276,"column":15}},{"start":{"line":277,"column":11},"end":{"line":277,"column":58}}]},"1":{"loc":{"start":{"line":277,"column":11},"end":{"line":277,"column":58}},"type":"binary-expr","locations":[{"start":{"line":277,"column":11},"end":{"line":277,"column":49}},{"start":{"line":277,"column":53},"end":{"line":277,"column":58}}]},"2":{"loc":{"start":{"line":284,"column":11},"end":{"line":284,"column":55}},"type":"binary-expr","locations":[{"start":{"line":284,"column":11},"end":{"line":284,"column":40}},{"start":{"line":284,"column":44},"end":{"line":284,"column":55}}]},"3":{"loc":{"start":{"line":287,"column":12},"end":{"line":289,"column":40}},"type":"cond-expr","locations":[{"start":{"line":288,"column":18},"end":{"line":288,"column":36}},{"start":{"line":289,"column":18},"end":{"line":289,"column":40}}]},"4":{"loc":{"start":{"line":297,"column":20},"end":{"line":297,"column":80}},"type":"binary-expr","locations":[{"start":{"line":297,"column":20},"end":{"line":297,"column":51}},{"start":{"line":297,"column":55},"end":{"line":297,"column":80}}]},"5":{"loc":{"start":{"line":300,"column":12},"end":{"line":306,"column":13}},"type":"if","locations":[{"start":{"line":300,"column":12},"end":{"line":306,"column":13}}]},"6":{"loc":{"start":{"line":303,"column":38},"end":{"line":303,"column":75}},"type":"cond-expr","locations":[{"start":{"line":303,"column":64},"end":{"line":303,"column":68}},{"start":{"line":303,"column":71},"end":{"line":303,"column":75}}]},"7":{"loc":{"start":{"line":314,"column":8},"end":{"line":314,"column":57}},"type":"binary-expr","locations":[{"start":{"line":314,"column":8},"end":{"line":314,"column":46}},{"start":{"line":314,"column":50},"end":{"line":314,"column":57}}]},"8":{"loc":{"start":{"line":348,"column":16},"end":{"line":352,"column":26}},"type":"cond-expr","locations":[{"start":{"line":351,"column":22},"end":{"line":351,"column":35}},{"start":{"line":352,"column":22},"end":{"line":352,"column":26}}]},"9":{"loc":{"start":{"line":348,"column":16},"end":{"line":350,"column":40}},"type":"binary-expr","locations":[{"start":{"line":348,"column":16},"end":{"line":348,"column":38}},{"start":{"line":349,"column":16},"end":{"line":349,"column":40}},{"start":{"line":350,"column":16},"end":{"line":350,"column":40}}]},"10":{"loc":{"start":{"line":366,"column":8},"end":{"line":366,"column":72}},"type":"binary-expr","locations":[{"start":{"line":366,"column":8},"end":{"line":366,"column":44}},{"start":{"line":366,"column":48},"end":{"line":366,"column":72}}]},"11":{"loc":{"start":{"line":396,"column":12},"end":{"line":435,"column":13}},"type":"if","locations":[{"start":{"line":396,"column":12},"end":{"line":435,"column":13}},{"start":{"line":419,"column":19},"end":{"line":435,"column":13}}]},"12":{"loc":{"start":{"line":400,"column":16},"end":{"line":418,"column":17}},"type":"if","locations":[{"start":{"line":400,"column":16},"end":{"line":418,"column":17}},{"start":{"line":410,"column":23},"end":{"line":418,"column":17}}]},"13":{"loc":{"start":{"line":445,"column":8},"end":{"line":462,"column":9}},"type":"if","locations":[{"start":{"line":445,"column":8},"end":{"line":462,"column":9}},{"start":{"line":456,"column":15},"end":{"line":462,"column":9}}]},"14":{"loc":{"start":{"line":470,"column":8},"end":{"line":489,"column":9}},"type":"if","locations":[{"start":{"line":470,"column":8},"end":{"line":489,"column":9}},{"start":{"line":483,"column":15},"end":{"line":489,"column":9}}]},"15":{"loc":{"start":{"line":474,"column":20},"end":{"line":474,"column":51}},"type":"cond-expr","locations":[{"start":{"line":474,"column":44},"end":{"line":474,"column":47}},{"start":{"line":474,"column":50},"end":{"line":474,"column":51}}]},"16":{"loc":{"start":{"line":497,"column":8},"end":{"line":516,"column":9}},"type":"if","locations":[{"start":{"line":497,"column":8},"end":{"line":516,"column":9}},{"start":{"line":510,"column":15},"end":{"line":516,"column":9}}]},"17":{"loc":{"start":{"line":527,"column":8},"end":{"line":543,"column":9}},"type":"if","locations":[{"start":{"line":527,"column":8},"end":{"line":543,"column":9}},{"start":{"line":537,"column":15},"end":{"line":543,"column":9}}]}},"s":{"0":22,"1":22,"2":22,"3":22,"4":22,"5":22,"6":22,"7":22,"8":2,"9":0,"10":2,"11":3,"12":19,"13":1,"14":0,"15":2,"16":1,"17":1,"18":0,"19":1,"20":2,"21":2,"22":1,"23":1,"24":1,"25":1,"26":1,"27":3,"28":3,"29":1,"30":3,"31":1,"32":1,"33":1,"34":2,"35":1,"36":1,"37":1,"38":1,"39":1,"40":1,"41":1,"42":1,"43":1,"44":1,"45":0,"46":1,"47":0,"48":1,"49":2,"50":2,"51":1,"52":1,"53":1,"54":1,"55":1,"56":1,"57":1,"58":1,"59":1,"60":4,"61":1,"62":12,"63":12,"64":12,"65":0,"66":0,"67":0,"68":0,"69":0,"70":0,"71":0,"72":0,"73":12,"74":12,"75":43728,"76":12,"77":0,"78":0,"79":0,"80":0,"81":0,"82":0,"83":0,"84":0,"85":0,"86":0,"87":0,"88":0,"89":0,"90":0,"91":0,"92":0,"93":0,"94":0,"95":0,"96":0,"97":0,"98":0,"99":0,"100":0,"101":0,"102":0,"103":0,"104":0,"105":0,"106":0,"107":0,"108":0,"109":0,"110":0,"111":0},"f":{"0":22,"1":2,"2":0,"3":2,"4":3,"5":19,"6":1,"7":0,"8":2,"9":1,"10":1,"11":0,"12":1,"13":2,"14":2,"15":1,"16":1,"17":1,"18":1,"19":3,"20":3,"21":1,"22":1,"23":1,"24":1,"25":1,"26":1,"27":0,"28":1,"29":0,"30":1,"31":2,"32":1,"33":1,"34":1,"35":1,"36":4,"37":1,"38":12,"39":43728,"40":0,"41":0,"42":0,"43":0,"44":0,"45":0,"46":0,"47":0,"48":0},"b":{"0":[0,22],"1":[22,22],"2":[22,22],"3":[1,0],"4":[1,1],"5":[1],"6":[1,0],"7":[22,22],"8":[1,1],"9":[2,2,1],"10":[22,22],"11":[0,12],"12":[0,0],"13":[0,0],"14":[0,0],"15":[0,0],"16":[0,0],"17":[0,0]}}
}
