TN:
SF:src/Components/ErrorHandling/ErrorBoundary.tsx
FN:11,(anonymous_1)
FN:14,(anonymous_2)
FN:19,(anonymous_3)
FN:24,(anonymous_4)
FNF:4
FNH:4
FNDA:8,(anonymous_1)
FNDA:6,(anonymous_2)
FNDA:3,(anonymous_3)
FNDA:13,(anonymous_4)
DA:1,1
DA:2,1
DA:3,1
DA:11,1
DA:12,7
DA:15,6
DA:16,6
DA:20,3
DA:21,3
DA:25,13
DA:26,6
DA:33,7
LF:12
LH:12
BRDA:25,0,0,6
BRF:1
BRH:1
end_of_record
TN:
SF:src/Components/ErrorHandling/GenErrorPage.tsx
FN:8,GenErrorPage
FN:15,(anonymous_1)
FNF:2
FNH:2
FNDA:2,GenErrorPage
FNDA:1,(anonymous_1)
DA:2,1
DA:9,2
DA:15,1
DA:22,1
LF:4
LH:4
BRF:0
BRH:0
end_of_record
TN:
SF:src/Components/Navigation/AutoAnonTagsEdit.tsx
FN:15,AutoAnonTagsEdit
FN:17,(anonymous_2)
FN:20,(anonymous_3)
FN:23,(anonymous_4)
FN:24,(anonymous_5)
FN:25,(anonymous_6)
FN:26,(anonymous_7)
FN:27,(anonymous_8)
FN:28,(anonymous_9)
FN:39,(anonymous_10)
FN:49,(anonymous_11)
FN:85,(anonymous_12)
FN:107,(anonymous_13)
FN:110,(anonymous_14)
FN:115,(anonymous_15)
FN:122,(anonymous_16)
FN:131,(anonymous_17)
FN:133,(anonymous_18)
FN:157,(anonymous_19)
FN:166,(anonymous_20)
FN:174,(anonymous_21)
FN:185,(anonymous_22)
FN:189,(anonymous_23)
FN:221,(anonymous_24)
FN:245,(anonymous_25)
FN:252,(anonymous_26)
FN:260,(anonymous_27)
FNF:27
FNH:19
FNDA:13,AutoAnonTagsEdit
FNDA:13,(anonymous_2)
FNDA:13,(anonymous_3)
FNDA:13,(anonymous_4)
FNDA:13,(anonymous_5)
FNDA:13,(anonymous_6)
FNDA:13,(anonymous_7)
FNDA:13,(anonymous_8)
FNDA:13,(anonymous_9)
FNDA:0,(anonymous_10)
FNDA:2,(anonymous_11)
FNDA:0,(anonymous_12)
FNDA:0,(anonymous_13)
FNDA:0,(anonymous_14)
FNDA:0,(anonymous_15)
FNDA:0,(anonymous_16)
FNDA:2,(anonymous_17)
FNDA:7288,(anonymous_18)
FNDA:0,(anonymous_19)
FNDA:2,(anonymous_20)
FNDA:1,(anonymous_21)
FNDA:1,(anonymous_22)
FNDA:1,(anonymous_23)
FNDA:2,(anonymous_24)
FNDA:1,(anonymous_25)
FNDA:2,(anonymous_26)
FNDA:0,(anonymous_27)
DA:1,1
DA:2,1
DA:3,1
DA:4,1
DA:5,1
DA:6,1
DA:15,1
DA:16,13
DA:17,13
DA:19,13
DA:20,13
DA:23,13
DA:24,13
DA:25,13
DA:26,13
DA:27,13
DA:28,13
DA:30,13
DA:31,13
DA:32,13
DA:33,13
DA:35,13
DA:37,13
DA:39,13
DA:44,0
DA:46,0
DA:49,13
DA:50,2
DA:52,2
DA:53,1
DA:54,1
DA:55,1
DA:56,1
DA:58,1
DA:59,0
DA:60,0
DA:61,0
DA:62,0
DA:64,1
DA:65,0
DA:66,0
DA:67,0
DA:68,0
DA:71,1
DA:72,1
DA:78,1
DA:79,1
DA:80,1
DA:81,1
DA:82,1
DA:85,13
DA:86,0
DA:88,0
DA:89,0
DA:92,0
DA:93,0
DA:94,0
DA:97,0
DA:98,0
DA:99,0
DA:100,0
DA:101,0
DA:102,0
DA:105,0
DA:107,0
DA:108,0
DA:109,0
DA:110,0
DA:114,0
DA:115,0
DA:120,0
DA:122,0
DA:123,0
DA:124,0
DA:126,0
DA:127,0
DA:128,0
DA:131,13
DA:132,2
DA:133,7288
DA:135,2
DA:136,0
DA:138,2
DA:141,13
DA:158,0
DA:167,2
DA:175,1
DA:176,1
DA:177,1
DA:178,1
DA:186,1
DA:187,1
DA:188,1
DA:189,1
DA:222,2
DA:223,2
DA:246,1
DA:252,2
DA:261,0
LF:99
LH:60
BRDA:52,0,0,1
BRDA:52,1,0,2
BRDA:52,1,1,1
BRDA:58,2,0,0
BRDA:64,3,0,0
BRDA:88,4,0,0
BRDA:97,5,0,0
BRDA:108,6,0,0
BRDA:108,6,1,0
BRDA:135,7,0,0
BRDA:144,8,0,13
BRDA:144,8,1,0
BRDA:171,9,0,5
BRDA:171,9,1,8
BRDA:211,10,0,5
BRDA:211,10,1,8
BRDA:259,11,0,0
BRDA:259,11,1,13
BRF:18
BRH:9
end_of_record
TN:
SF:src/Components/Navigation/FileNavigation.tsx
FN:18,(anonymous_1)
FNF:1
FNH:1
FNDA:7,(anonymous_1)
DA:2,1
DA:4,1
DA:5,1
DA:18,1
DA:24,7
DA:26,7
LF:6
LH:6
BRDA:31,0,0,1
BRDA:31,0,1,6
BRDA:46,1,0,1
BRDA:46,1,1,6
BRF:4
BRH:4
end_of_record
TN:
SF:src/Components/Navigation/Footer.tsx
FN:12,(anonymous_1)
FNF:1
FNH:1
FNDA:4,(anonymous_1)
DA:2,1
DA:12,1
DA:13,4
DA:15,4
LF:4
LH:4
BRF:0
BRH:0
end_of_record
TN:
SF:src/Components/Navigation/ThemeSelector.tsx
FN:16,(anonymous_1)
FN:17,(anonymous_2)
FN:18,(anonymous_3)
FN:21,(anonymous_4)
FNF:4
FNH:4
FNDA:6,(anonymous_1)
FNDA:6,(anonymous_2)
FNDA:6,(anonymous_3)
FNDA:6,(anonymous_4)
DA:1,1
DA:2,1
DA:4,1
DA:5,1
DA:6,1
DA:16,1
DA:17,6
DA:18,6
DA:21,6
DA:22,6
DA:24,6
DA:25,6
DA:26,6
DA:28,6
DA:31,6
DA:33,6
LF:16
LH:16
BRDA:47,0,0,2
BRDA:47,0,1,4
BRF:2
BRH:2
end_of_record
TN:
SF:src/Components/Navigation/Topbar.tsx
FN:19,(anonymous_1)
FNF:1
FNH:1
FNDA:6,(anonymous_1)
DA:2,1
DA:3,1
DA:5,1
DA:19,1
DA:26,6
DA:28,6
LF:6
LH:6
BRDA:36,0,0,6
BRDA:36,0,1,5
BRDA:58,1,0,0
BRDA:58,1,1,6
BRF:4
BRH:3
end_of_record
TN:
SF:src/Components/utils/DownloadOption.tsx
FN:17,(anonymous_1)
FN:19,(anonymous_2)
FN:21,(anonymous_3)
FN:22,(anonymous_4)
FN:24,(anonymous_5)
FNF:5
FNH:5
FNDA:4,(anonymous_1)
FNDA:4,(anonymous_2)
FNDA:4,(anonymous_3)
FNDA:4,(anonymous_4)
FNDA:2,(anonymous_5)
DA:2,1
DA:3,1
DA:4,1
DA:5,1
DA:7,1
DA:17,1
DA:18,4
DA:19,4
DA:20,4
DA:21,4
DA:22,4
DA:24,4
DA:25,2
DA:27,0
DA:28,0
DA:31,2
DA:32,0
DA:33,0
DA:36,2
DA:37,1
DA:38,1
DA:40,1
DA:41,1
DA:44,2
DA:47,4
DA:49,4
LF:26
LH:22
BRDA:25,0,0,0
BRDA:31,1,0,0
BRDA:36,2,0,1
BRDA:36,2,1,1
BRDA:44,3,0,2
BRDA:44,3,1,1
BRDA:60,4,0,0
BRDA:60,4,1,4
BRDA:62,5,0,0
BRDA:62,5,1,4
BRDA:64,6,0,2
BRDA:64,6,1,2
BRDA:70,7,0,2
BRDA:70,7,1,2
BRF:14
BRH:10
end_of_record
TN:
SF:src/Components/utils/GenButton.tsx
FN:14,(anonymous_0)
FNF:1
FNH:1
FNDA:64,(anonymous_0)
DA:14,9
DA:19,64
LF:2
LH:2
BRF:0
BRH:0
end_of_record
TN:
SF:src/Components/utils/LoadingScreen.tsx
FN:12,(anonymous_1)
FN:13,(anonymous_2)
FNF:2
FNH:2
FNDA:1,(anonymous_1)
FNDA:3,(anonymous_2)
DA:1,1
DA:2,1
DA:3,1
DA:12,1
DA:13,3
DA:15,1
DA:16,1
LF:7
LH:7
BRF:0
BRH:0
end_of_record
TN:
SF:src/Components/utils/Search.tsx
FN:14,(anonymous_1)
FN:29,(anonymous_2)
FN:34,(anonymous_3)
FNF:3
FNH:2
FNDA:16,(anonymous_1)
FNDA:5,(anonymous_2)
FNDA:0,(anonymous_3)
DA:3,4
DA:14,4
DA:18,16
DA:20,16
DA:29,5
DA:34,0
LF:6
LH:5
BRDA:31,0,0,16
BRDA:31,0,1,6
BRF:2
BRH:2
end_of_record
TN:
SF:src/Components/utils/Modals/HelpModal.tsx
FN:17,(anonymous_1)
FN:18,(anonymous_2)
FN:20,(anonymous_3)
FN:22,(anonymous_4)
FN:23,(anonymous_5)
FN:24,(anonymous_6)
FN:26,(anonymous_7)
FN:47,(anonymous_8)
FN:94,(anonymous_9)
FN:115,(anonymous_10)
FN:136,(anonymous_11)
FN:156,(anonymous_12)
FNF:12
FNH:7
FNDA:5,(anonymous_1)
FNDA:15,(anonymous_2)
FNDA:15,(anonymous_3)
FNDA:15,(anonymous_4)
FNDA:15,(anonymous_5)
FNDA:15,(anonymous_6)
FNDA:0,(anonymous_7)
FNDA:0,(anonymous_8)
FNDA:0,(anonymous_9)
FNDA:0,(anonymous_10)
FNDA:0,(anonymous_11)
FNDA:2,(anonymous_12)
DA:2,1
DA:4,1
DA:5,1
DA:6,1
DA:7,1
DA:17,1
DA:18,15
DA:19,5
DA:20,15
DA:22,15
DA:23,15
DA:24,15
DA:26,5
DA:27,0
DA:28,0
DA:31,0
DA:32,0
DA:34,0
DA:36,0
DA:37,0
DA:38,0
DA:41,0
DA:44,0
DA:45,0
DA:47,0
DA:48,0
DA:51,0
DA:52,0
DA:53,0
DA:54,0
DA:58,5
DA:95,0
DA:99,0
DA:102,0
DA:104,0
DA:107,0
DA:116,0
DA:120,0
DA:123,0
DA:125,0
DA:128,0
DA:138,0
DA:143,0
DA:157,2
DA:161,2
DA:162,2
DA:164,2
LF:47
LH:18
BRDA:37,0,0,0
BRDA:102,1,0,0
BRDA:123,2,0,0
BRDA:138,3,0,0
BRDA:162,4,0,2
BRF:5
BRH:1
end_of_record
TN:
SF:src/Components/utils/Modals/Modal.tsx
FN:16,(anonymous_0)
FN:32,(anonymous_1)
FNF:2
FNH:2
FNDA:9,(anonymous_0)
FNDA:2,(anonymous_1)
DA:2,2
DA:16,2
DA:22,9
DA:24,6
DA:32,2
LF:5
LH:5
BRDA:22,0,0,3
BRF:1
BRH:1
end_of_record
TN:
SF:src/Components/utils/Modals/QuestionModal.tsx
FN:15,QuestionModal
FN:25,(anonymous_1)
FN:32,(anonymous_2)
FN:43,(anonymous_3)
FNF:4
FNH:4
FNDA:6,QuestionModal
FNDA:5,(anonymous_1)
FNDA:2,(anonymous_2)
FNDA:2,(anonymous_3)
DA:15,1
DA:21,6
DA:25,5
DA:33,2
DA:34,2
DA:44,2
DA:45,2
LF:7
LH:7
BRF:0
BRH:0
end_of_record
TN:
SF:src/DataFunctions/assert.ts
FN:13,assert
FNF:1
FNH:1
FNDA:42,assert
DA:1,12
DA:13,12
DA:17,42
DA:18,3
DA:19,3
LF:5
LH:5
BRDA:17,0,0,3
BRDA:18,1,0,3
BRDA:18,1,1,1
BRDA:19,2,0,3
BRDA:19,2,1,1
BRF:5
BRH:5
end_of_record
TN:
SF:src/DataFunctions/DicomData/DicomParserUtils.ts
FN:21,(anonymous_1)
FN:24,(anonymous_2)
FN:26,(anonymous_3)
FN:47,(anonymous_4)
FN:57,getTagName
FN:77,(anonymous_6)
FN:88,getTagVR
FN:104,(anonymous_8)
FN:132,(anonymous_9)
FN:142,(anonymous_10)
FN:197,(anonymous_11)
FN:200,(anonymous_12)
FNF:12
FNH:12
FNDA:17,(anonymous_1)
FNDA:17,(anonymous_2)
FNDA:16,(anonymous_3)
FNDA:1,(anonymous_4)
FNDA:278,getTagName
FNDA:237633,(anonymous_6)
FNDA:276,getTagVR
FNDA:7288,(anonymous_8)
FNDA:24,(anonymous_9)
FNDA:276,(anonymous_10)
FNDA:1,(anonymous_11)
FNDA:1,(anonymous_12)
DA:1,8
DA:2,8
DA:3,8
DA:5,8
DA:6,8
DA:9,8
DA:21,8
DA:22,17
DA:24,17
DA:25,17
DA:26,17
DA:27,16
DA:28,16
DA:29,16
DA:32,15
DA:33,15
DA:35,1
DA:36,1
DA:39,0
DA:42,0
DA:47,17
DA:48,17
DA:57,8
DA:59,278
DA:60,278
DA:63,278
DA:65,12
DA:68,12
DA:69,1
DA:73,11
DA:77,237633
DA:80,266
DA:88,8
DA:90,276
DA:93,276
DA:94,274
DA:98,2
DA:99,2
DA:102,2
DA:103,2
DA:104,7288
DA:106,2
DA:107,0
DA:114,2
DA:116,0
DA:120,2
DA:132,8
DA:133,24
DA:134,24
DA:136,24
DA:137,24
DA:138,0
DA:139,0
DA:142,24
DA:143,276
DA:144,276
DA:146,276
DA:147,276
DA:148,276
DA:149,276
DA:151,0
DA:152,0
DA:159,276
DA:160,276
DA:162,10
DA:163,10
DA:165,0
DA:169,0
DA:177,0
DA:179,0
DA:181,10
DA:182,10
DA:184,10
DA:185,10
DA:187,246
DA:188,246
DA:191,0
DA:192,0
DA:195,276
DA:196,1
DA:198,1
DA:200,1
DA:202,1
DA:203,275
DA:204,2
DA:206,273
DA:210,24
DA:215,24
LF:88
LH:74
BRDA:27,0,0,16
BRDA:27,0,1,0
BRDA:63,1,0,12
BRDA:68,2,0,1
BRDA:68,3,0,12
BRDA:68,3,1,12
BRDA:80,4,0,258
BRDA:80,4,1,8
BRDA:90,5,0,269
BRDA:90,5,1,7
BRDA:93,6,0,274
BRDA:93,7,0,276
BRDA:93,7,1,276
BRDA:102,8,0,2
BRDA:106,9,0,0
BRDA:114,10,0,0
BRDA:137,11,0,0
BRDA:137,12,0,24
BRDA:137,12,1,24
BRDA:149,13,0,0
BRDA:160,14,0,10
BRDA:160,14,1,0
BRDA:160,14,2,10
BRDA:160,14,3,10
BRDA:160,14,4,246
BRDA:162,15,0,10
BRDA:162,15,1,0
BRDA:165,16,0,0
BRDA:165,16,1,0
BRDA:166,17,0,0
BRDA:166,17,1,0
BRDA:170,18,0,0
BRDA:170,18,1,0
BRDA:181,19,0,10
BRDA:181,19,1,0
BRDA:184,20,0,10
BRDA:184,20,1,0
BRDA:187,21,0,246
BRDA:187,21,1,12
BRDA:195,22,0,1
BRDA:195,22,1,275
BRDA:195,23,0,276
BRDA:195,23,1,1
BRDA:198,24,0,1
BRDA:198,24,1,0
BRDA:203,25,0,2
BRDA:203,25,1,273
BRF:47
BRH:31
end_of_record
TN:
SF:src/DataFunctions/DicomData/DownloadFuncs.ts
FN:19,createZipFromFiles
FN:30,(anonymous_2)
FN:48,(anonymous_3)
FN:49,(anonymous_4)
FN:97,downloadDicomFile
FN:122,createFile
FNF:6
FNH:6
FNDA:2,createZipFromFiles
FNDA:2,(anonymous_2)
FNDA:1,(anonymous_3)
FNDA:2,(anonymous_4)
FNDA:3,downloadDicomFile
FNDA:3,createFile
DA:1,3
DA:3,3
DA:4,3
DA:5,3
DA:19,3
DA:20,2
DA:21,2
DA:23,2
DA:25,2
DA:26,2
DA:28,2
DA:30,2
DA:31,2
DA:33,2
DA:34,0
DA:35,2
DA:36,0
DA:37,0
DA:38,0
DA:41,2
DA:42,1
DA:45,2
DA:48,2
DA:49,1
DA:50,2
DA:51,2
DA:52,2
DA:53,0
DA:56,2
DA:57,2
DA:58,0
DA:61,0
DA:64,2
DA:68,2
DA:69,2
DA:78,2
DA:79,2
DA:80,2
DA:82,0
DA:83,0
DA:97,3
DA:98,3
DA:100,3
DA:102,3
DA:103,3
DA:104,3
DA:106,3
DA:107,3
DA:108,3
DA:109,3
DA:122,3
DA:127,3
DA:129,3
DA:133,3
DA:137,3
DA:139,3
DA:141,3
LF:57
LH:48
BRDA:33,0,0,0
BRDA:33,0,1,2
BRDA:35,1,0,0
BRDA:41,2,0,1
BRDA:52,3,0,0
BRDA:53,4,0,0
BRDA:53,4,1,0
BRDA:57,5,0,0
BRDA:58,6,0,0
BRDA:58,6,1,0
BRDA:133,7,0,2
BRDA:133,7,1,1
BRDA:137,8,0,3
BRDA:137,8,1,0
BRF:14
BRH:5
end_of_record
TN:
SF:src/DataFunctions/DicomData/TagUpdater.ts
FN:20,(anonymous_1)
FN:26,(anonymous_2)
FN:34,(anonymous_3)
FN:66,tagUpdater
FN:83,(anonymous_5)
FN:98,(anonymous_6)
FN:140,addTag
FN:151,(anonymous_8)
FN:167,insertTag
FN:204,removeTag
FN:229,concatBuffers
FN:246,createTag
FN:373,writeTypedNumber
FN:416,writeVRArray
FN:434,getValueLength
FN:475,getSingleFileTagEdits
FN:479,(anonymous_17)
FN:490,verifyArrayBuffer
FNF:18
FNH:14
FNDA:97,(anonymous_1)
FNDA:3,(anonymous_2)
FNDA:3,(anonymous_3)
FNDA:9,tagUpdater
FNDA:10,(anonymous_5)
FNDA:10,(anonymous_6)
FNDA:0,addTag
FNDA:0,(anonymous_8)
FNDA:8,insertTag
FNDA:2,removeTag
FNDA:18,concatBuffers
FNDA:8,createTag
FNDA:12,writeTypedNumber
FNDA:8,writeVRArray
FNDA:8,getValueLength
FNDA:0,getSingleFileTagEdits
FNDA:0,(anonymous_17)
FNDA:8,verifyArrayBuffer
DA:13,3
DA:14,3
DA:18,3
DA:20,3
DA:21,97
DA:22,0
DA:26,3
DA:27,3
DA:28,3
DA:29,3
DA:30,3
DA:31,3
DA:32,3
DA:34,3
DA:35,3
DA:36,3
DA:37,3
DA:38,3
DA:39,3
DA:40,3
DA:41,3
DA:42,3
DA:43,3
DA:44,3
DA:45,3
DA:47,3
DA:48,3
DA:49,3
DA:50,3
DA:51,3
DA:52,3
DA:53,3
DA:54,3
DA:55,3
DA:66,3
DA:67,9
DA:68,9
DA:69,9
DA:73,9
DA:75,9
DA:77,9
DA:78,1
DA:81,8
DA:83,8
DA:84,10
DA:94,10
DA:95,10
DA:98,8
DA:99,10
DA:100,2
DA:101,8
DA:102,0
DA:104,8
DA:105,8
DA:106,8
DA:107,8
DA:109,8
DA:112,8
DA:115,8
DA:116,8
DA:118,8
DA:121,10
DA:122,10
DA:125,8
DA:127,8
DA:128,8
DA:131,0
DA:141,0
DA:142,0
DA:143,0
DA:145,0
DA:146,0
DA:148,0
DA:150,0
DA:151,0
DA:154,0
DA:172,8
DA:174,8
DA:175,8
DA:180,8
DA:181,8
DA:183,8
DA:184,8
DA:192,8
DA:205,2
DA:207,2
DA:208,2
DA:213,2
DA:215,2
DA:217,2
DA:230,18
DA:231,18
DA:232,18
DA:233,18
DA:253,8
DA:254,8
DA:256,8
DA:258,8
DA:267,8
DA:268,8
DA:269,8
DA:272,0
DA:274,8
DA:275,8
DA:278,8
DA:280,8
DA:282,8
DA:284,1
DA:293,1
DA:295,1
DA:304,1
DA:306,1
DA:315,1
DA:317,1
DA:326,1
DA:328,0
DA:337,0
DA:339,0
DA:348,0
DA:356,4
DA:357,31
DA:359,4
DA:361,8
DA:379,12
DA:380,12
DA:381,12
DA:383,9
DA:384,9
DA:386,1
DA:387,1
DA:389,0
DA:390,0
DA:392,0
DA:393,0
DA:395,0
DA:396,0
DA:398,1
DA:399,1
DA:401,1
DA:402,1
DA:404,0
DA:406,12
DA:417,8
DA:418,8
DA:419,16
DA:422,8
DA:423,8
DA:435,8
DA:436,4
DA:437,4
DA:439,4
DA:441,6
DA:443,4
DA:445,1
DA:446,1
DA:448,2
DA:449,2
DA:451,1
DA:452,1
DA:454,0
DA:456,4
DA:457,4
DA:458,0
DA:460,4
DA:462,4
DA:475,3
DA:479,0
DA:491,8
DA:492,8
DA:493,8
DA:494,8
DA:495,8
DA:497,0
DA:498,0
DA:499,0
LF:175
LH:145
BRDA:21,0,0,0
BRDA:26,1,0,3
BRDA:26,1,1,3
BRDA:34,2,0,3
BRDA:34,2,1,3
BRDA:73,3,0,0
BRDA:73,3,1,9
BRDA:77,4,0,1
BRDA:87,5,0,10
BRDA:87,5,1,0
BRDA:89,6,0,10
BRDA:89,6,1,0
BRDA:99,7,0,2
BRDA:99,7,1,8
BRDA:101,8,0,0
BRDA:101,8,1,8
BRDA:127,9,0,8
BRDA:253,10,0,0
BRDA:253,10,1,8
BRDA:258,11,0,0
BRDA:258,11,1,8
BRDA:269,12,0,0
BRDA:269,12,1,8
BRDA:282,13,0,1
BRDA:282,13,1,1
BRDA:282,13,2,1
BRDA:282,13,3,1
BRDA:282,13,4,0
BRDA:282,13,5,0
BRDA:282,13,6,4
BRDA:381,14,0,9
BRDA:381,14,1,1
BRDA:381,14,2,0
BRDA:381,14,3,0
BRDA:381,14,4,0
BRDA:381,14,5,1
BRDA:381,14,6,1
BRDA:381,14,7,0
BRDA:435,15,0,4
BRDA:435,15,1,4
BRDA:443,16,0,1
BRDA:443,16,1,2
BRDA:443,16,2,1
BRDA:443,16,3,0
BRDA:457,17,0,0
BRDA:457,17,1,4
BRF:46
BRH:30
end_of_record
TN:
SF:src/DataFunctions/DicomData/UpdateAllFiles.ts
FN:40,(anonymous_1)
FN:55,(anonymous_2)
FN:83,(anonymous_3)
FN:127,determineFilePath
FN:134,(anonymous_5)
FNF:5
FNH:4
FNDA:4,(anonymous_1)
FNDA:4,(anonymous_2)
FNDA:2,(anonymous_3)
FNDA:6,determineFilePath
FNDA:0,(anonymous_5)
DA:1,1
DA:2,1
DA:3,1
DA:4,1
DA:5,1
DA:7,1
DA:40,1
DA:50,4
DA:52,4
DA:53,3
DA:55,3
DA:56,4
DA:58,4
DA:59,4
DA:63,4
DA:65,4
DA:68,4
DA:71,4
DA:72,4
DA:74,4
DA:75,2
DA:77,2
DA:81,1
DA:83,1
DA:84,2
DA:85,2
DA:86,2
DA:88,2
DA:91,2
DA:94,2
DA:95,2
DA:97,2
DA:98,2
DA:100,0
DA:105,4
DA:106,1
DA:107,1
DA:108,1
DA:109,1
DA:132,6
DA:134,0
DA:135,0
DA:136,0
DA:141,6
LF:44
LH:40
BRDA:52,0,0,3
BRDA:52,0,1,1
BRDA:63,1,0,4
BRDA:63,1,1,4
BRDA:74,2,0,2
BRDA:74,2,1,2
BRDA:86,3,0,2
BRDA:86,3,1,2
BRDA:97,4,0,2
BRDA:97,4,1,0
BRDA:105,5,0,1
BRDA:135,6,0,0
BRDA:136,7,0,0
BRDA:136,7,1,0
BRF:14
BRH:10
end_of_record
TN:
SF:src/DataFunctions/TagDictionary/standardDataElements.ts
FNF:0
FNH:0
DA:10,23
DA:4026,23
LF:2
LH:2
BRF:0
BRH:0
end_of_record
TN:
SF:src/Features/AutoAnonymize/Functions/AutoClean.ts
FN:20,FormatData
FN:25,(anonymous_2)
FN:60,(anonymous_3)
FN:74,(anonymous_4)
FN:81,(anonymous_5)
FN:83,(anonymous_6)
FN:122,(anonymous_7)
FNF:7
FNH:6
FNDA:4,FormatData
FNDA:8,(anonymous_2)
FNDA:1,(anonymous_3)
FNDA:1,(anonymous_4)
FNDA:1,(anonymous_5)
FNDA:1,(anonymous_6)
FNDA:0,(anonymous_7)
DA:1,4
DA:2,4
DA:9,4
DA:10,4
DA:20,4
DA:21,4
DA:23,4
DA:25,4
DA:26,8
DA:27,2
DA:30,6
DA:42,6
DA:45,4
DA:60,4
DA:67,1
DA:68,1
DA:69,1
DA:71,1
DA:73,1
DA:74,1
DA:75,1
DA:79,1
DA:81,1
DA:82,1
DA:83,1
DA:85,1
DA:86,1
DA:88,0
DA:105,1
DA:107,1
DA:108,1
DA:110,1
DA:111,1
DA:112,0
DA:114,0
DA:115,0
DA:116,0
DA:118,1
DA:121,0
DA:122,0
DA:124,0
DA:125,0
DA:126,0
DA:131,1
DA:133,1
DA:135,1
DA:138,1
DA:139,1
DA:141,1
DA:143,0
DA:145,1
LF:51
LH:40
BRDA:26,0,0,2
BRDA:34,1,0,6
BRDA:34,1,1,1
BRDA:85,2,0,1
BRDA:85,2,1,0
BRDA:92,3,0,0
BRDA:92,3,1,0
BRDA:111,4,0,0
BRDA:111,4,1,1
BRDA:124,5,0,0
BRDA:125,6,0,0
BRDA:125,6,1,0
BRF:12
BRH:5
end_of_record
TN:
SF:src/Features/AutoAnonymize/Functions/TagsAnon.ts
FNF:0
FNH:0
DA:20,21
DA:30,21
LF:2
LH:2
BRF:0
BRH:0
end_of_record
TN:
SF:src/Features/DicomTagTable/Components/DicomTable.tsx
FN:25,(anonymous_1)
FN:28,(anonymous_2)
FN:29,(anonymous_3)
FN:30,(anonymous_4)
FN:31,(anonymous_5)
FN:32,(anonymous_6)
FN:33,(anonymous_7)
FN:34,(anonymous_8)
FN:57,(anonymous_9)
FN:75,(anonymous_10)
FN:80,(anonymous_11)
FNF:11
FNH:10
FNDA:6,(anonymous_1)
FNDA:6,(anonymous_2)
FNDA:6,(anonymous_3)
FNDA:6,(anonymous_4)
FNDA:6,(anonymous_5)
FNDA:6,(anonymous_6)
FNDA:6,(anonymous_7)
FNDA:6,(anonymous_8)
FNDA:0,(anonymous_9)
FNDA:1,(anonymous_10)
FNDA:1,(anonymous_11)
DA:1,2
DA:2,2
DA:3,2
DA:4,2
DA:5,2
DA:7,2
DA:8,2
DA:9,2
DA:10,2
DA:11,2
DA:13,2
DA:25,2
DA:26,6
DA:28,6
DA:29,6
DA:30,6
DA:31,6
DA:32,6
DA:33,6
DA:34,6
DA:36,6
DA:38,6
DA:39,1
DA:40,1
DA:43,5
DA:49,5
DA:57,5
DA:62,0
DA:75,5
DA:76,1
DA:78,1
DA:79,1
DA:80,1
DA:83,1
DA:85,1
DA:90,1
DA:94,1
DA:95,1
DA:96,1
DA:99,5
DA:101,5
LF:41
LH:40
BRDA:38,0,0,1
BRF:1
BRH:1
end_of_record
TN:
SF:src/Features/DicomTagTable/Components/DicomTableBody.tsx
FN:21,(anonymous_1)
FN:26,(anonymous_2)
FN:35,(anonymous_3)
FNF:3
FNH:3
FNDA:8,(anonymous_1)
FNDA:14,(anonymous_2)
FNDA:15,(anonymous_3)
DA:2,3
DA:3,3
DA:5,3
DA:6,3
DA:7,3
DA:21,3
DA:26,14
DA:28,8
DA:30,8
DA:36,15
LF:10
LH:10
BRDA:32,0,0,0
BRDA:32,0,1,8
BRDA:34,1,0,8
BRDA:34,1,1,0
BRDA:36,2,0,1
BRDA:36,2,1,14
BRDA:36,3,0,15
BRDA:36,3,1,2
BRF:8
BRH:6
end_of_record
TN:
SF:src/Features/DicomTagTable/Components/DicomTableRow.tsx
FN:36,(anonymous_10)
FN:51,(anonymous_11)
FN:65,(anonymous_12)
FN:66,(anonymous_13)
FN:68,(anonymous_14)
FN:74,(anonymous_15)
FN:79,(anonymous_16)
FN:84,(anonymous_17)
FN:89,(anonymous_18)
FN:90,(anonymous_19)
FN:188,(anonymous_20)
FN:226,(anonymous_21)
FN:247,(anonymous_22)
FN:251,(anonymous_23)
FN:257,(anonymous_24)
FN:274,(anonymous_25)
FNF:16
FNH:9
FNDA:2,(anonymous_10)
FNDA:19,(anonymous_11)
FNDA:37,(anonymous_12)
FNDA:37,(anonymous_13)
FNDA:0,(anonymous_14)
FNDA:0,(anonymous_15)
FNDA:2,(anonymous_16)
FNDA:2,(anonymous_17)
FNDA:0,(anonymous_18)
FNDA:0,(anonymous_19)
FNDA:2,(anonymous_20)
FNDA:0,(anonymous_21)
FNDA:1,(anonymous_22)
FNDA:0,(anonymous_23)
FNDA:0,(anonymous_24)
FNDA:1,(anonymous_25)
DA:1,4
DA:2,4
DA:3,4
DA:10,4
DA:11,4
DA:13,4
DA:36,4
DA:39,2
DA:51,4
DA:59,19
DA:60,19
DA:61,19
DA:62,19
DA:63,19
DA:65,37
DA:66,37
DA:68,19
DA:69,0
DA:70,0
DA:71,0
DA:74,19
DA:75,0
DA:76,0
DA:79,19
DA:80,2
DA:81,2
DA:84,19
DA:85,2
DA:86,2
DA:89,19
DA:90,0
DA:91,0
DA:93,0
DA:97,0
DA:100,19
DA:102,19
DA:189,2
DA:226,0
DA:249,1
DA:250,0
DA:255,0
DA:258,0
DA:272,1
DA:273,1
DA:275,1
DA:287,0
LF:46
LH:32
BRDA:57,0,0,18
BRDA:62,1,0,19
BRDA:62,1,1,19
BRDA:107,2,0,19
BRDA:107,2,1,0
BRDA:109,3,0,0
BRDA:109,3,1,19
BRDA:111,4,0,19
BRDA:111,4,1,19
BRDA:114,5,0,4
BRDA:114,5,1,15
BRDA:119,6,0,4
BRDA:119,6,1,15
BRDA:122,7,0,19
BRDA:122,7,1,3
BRDA:128,8,0,1
BRDA:128,8,1,2
BRDA:131,9,0,19
BRDA:131,9,1,4
BRDA:141,10,0,16
BRDA:141,10,1,3
BRDA:141,11,0,19
BRDA:141,11,1,3
BRDA:145,12,0,2
BRDA:145,12,1,14
BRDA:153,13,0,0
BRDA:153,13,1,14
BRDA:160,14,0,0
BRDA:160,14,1,14
BRDA:171,15,0,0
BRDA:171,15,1,16
BRDA:171,16,0,16
BRDA:171,16,1,0
BRDA:172,17,0,16
BRDA:172,17,1,0
BRDA:173,18,0,2
BRDA:173,18,1,14
BRDA:246,19,0,19
BRDA:246,19,1,1
BRDA:249,20,0,0
BRDA:255,21,0,0
BRDA:255,21,1,0
BRDA:272,22,0,1
BRDA:272,23,0,1
BRDA:272,23,1,1
BRF:45
BRH:35
end_of_record
TN:
SF:src/Features/DicomTagTable/Components/EmptyTableRow.tsx
FN:11,(anonymous_0)
FNF:1
FNH:1
FNDA:2,(anonymous_0)
DA:11,3
DA:12,2
LF:2
LH:2
BRF:0
BRH:0
end_of_record
TN:
SF:src/Features/DicomTagTable/Components/NewTagRow.tsx
FN:15,(anonymous_1)
FN:20,(anonymous_2)
FN:21,(anonymous_3)
FN:22,(anonymous_4)
FN:23,(anonymous_5)
FN:24,(anonymous_6)
FN:25,(anonymous_7)
FN:26,(anonymous_8)
FN:28,(anonymous_9)
FN:75,(anonymous_10)
FN:95,(anonymous_11)
FN:117,(anonymous_12)
FN:122,(anonymous_13)
FNF:13
FNH:11
FNDA:9,(anonymous_1)
FNDA:9,(anonymous_2)
FNDA:9,(anonymous_3)
FNDA:9,(anonymous_4)
FNDA:9,(anonymous_5)
FNDA:9,(anonymous_6)
FNDA:9,(anonymous_7)
FNDA:9,(anonymous_8)
FNDA:0,(anonymous_9)
FNDA:2,(anonymous_10)
FNDA:2,(anonymous_11)
FNDA:2,(anonymous_12)
FNDA:0,(anonymous_13)
DA:1,4
DA:2,4
DA:3,4
DA:4,4
DA:5,4
DA:15,4
DA:16,9
DA:17,9
DA:18,9
DA:20,9
DA:21,9
DA:22,9
DA:23,9
DA:24,9
DA:25,9
DA:26,9
DA:28,9
DA:33,0
DA:35,0
DA:36,0
DA:37,0
DA:38,0
DA:39,0
DA:40,0
DA:42,0
DA:43,0
DA:44,0
DA:45,0
DA:46,0
DA:47,0
DA:49,0
DA:50,0
DA:51,0
DA:52,0
DA:53,0
DA:54,0
DA:57,0
DA:65,0
DA:66,0
DA:67,0
DA:68,0
DA:70,0
DA:71,0
DA:72,0
DA:75,9
DA:76,2
DA:77,2
DA:78,2
DA:80,0
DA:83,9
DA:85,9
DA:96,2
DA:97,2
DA:117,2
DA:123,0
LF:55
LH:26
BRDA:35,0,0,0
BRDA:35,1,0,0
BRDA:35,1,1,0
BRDA:42,2,0,0
BRDA:49,3,0,0
BRDA:77,4,0,2
BRF:6
BRH:1
end_of_record
TN:
SF:src/Features/DicomTagTable/Components/TableControls.tsx
FN:22,(anonymous_1)
FN:27,(anonymous_2)
FN:28,(anonymous_3)
FN:29,(anonymous_4)
FN:30,(anonymous_5)
FN:32,(anonymous_6)
FN:33,(anonymous_7)
FN:42,(anonymous_8)
FN:52,(anonymous_9)
FN:101,(anonymous_10)
FNF:10
FNH:7
FNDA:10,(anonymous_1)
FNDA:20,(anonymous_2)
FNDA:20,(anonymous_3)
FNDA:20,(anonymous_4)
FNDA:20,(anonymous_5)
FNDA:20,(anonymous_6)
FNDA:20,(anonymous_7)
FNDA:0,(anonymous_8)
FNDA:0,(anonymous_9)
FNDA:0,(anonymous_10)
DA:1,3
DA:2,3
DA:4,3
DA:5,3
DA:6,3
DA:7,3
DA:8,3
DA:22,3
DA:27,20
DA:28,20
DA:29,20
DA:30,20
DA:32,20
DA:33,20
DA:36,10
DA:40,10
DA:42,10
DA:43,0
DA:45,0
DA:46,0
DA:48,0
DA:49,0
DA:51,0
DA:52,0
DA:53,0
DA:58,0
DA:60,0
DA:61,0
DA:63,0
DA:70,0
DA:72,0
DA:73,0
DA:76,10
DA:78,10
DA:101,0
LF:35
LH:19
BRDA:52,0,0,0
BRDA:61,1,0,0
BRDA:61,1,1,0
BRDA:102,2,0,0
BRDA:102,2,1,10
BRF:5
BRH:1
end_of_record
TN:
SF:src/Features/DicomTagTable/Components/TableHeader.tsx
FN:12,(anonymous_1)
FN:13,(anonymous_2)
FNF:2
FNH:2
FNDA:5,(anonymous_1)
FNDA:5,(anonymous_2)
DA:2,2
DA:3,2
DA:12,2
DA:13,5
DA:15,5
DA:16,5
LF:6
LH:6
BRDA:19,0,0,0
BRDA:19,0,1,5
BRF:2
BRH:1
end_of_record
TN:
SF:src/Features/DicomTagTable/Functions/rowUtils.ts
FN:14,(anonymous_1)
FN:22,(anonymous_2)
FN:27,(anonymous_3)
FN:32,(anonymous_4)
FN:39,(anonymous_5)
FNF:5
FNH:5
FNDA:5,(anonymous_1)
FNDA:10,(anonymous_2)
FNDA:10,(anonymous_3)
FNDA:10,(anonymous_4)
FNDA:5,(anonymous_5)
DA:1,2
DA:14,2
DA:19,5
DA:21,5
DA:22,10
DA:28,10
DA:32,10
DA:39,5
DA:40,5
DA:41,0
DA:51,5
DA:53,5
LF:12
LH:11
BRDA:26,0,0,10
BRDA:26,0,1,10
BRDA:28,1,0,10
BRDA:28,1,1,0
BRDA:30,2,0,10
BRDA:30,2,1,10
BRDA:31,3,0,0
BRDA:31,3,1,10
BRDA:32,4,0,10
BRDA:32,4,1,0
BRDA:40,5,0,0
BRDA:40,6,0,5
BRDA:40,6,1,0
BRF:13
BRH:8
end_of_record
TN:
SF:src/Features/FileHandling/Components/FileHeader.tsx
FN:15,(anonymous_1)
FNF:1
FNH:1
FNDA:3,(anonymous_1)
DA:3,1
DA:15,1
DA:19,3
DA:21,2
DA:23,2
LF:5
LH:5
BRDA:19,0,0,1
BRDA:29,1,0,2
BRDA:29,1,1,0
BRF:3
BRH:2
end_of_record
TN:
SF:src/Features/FileHandling/Components/FileTable.tsx
FN:20,(anonymous_1)
FN:23,(anonymous_2)
FN:54,(anonymous_3)
FNF:3
FNH:2
FNDA:2,(anonymous_1)
FNDA:2,(anonymous_2)
FNDA:0,(anonymous_3)
DA:1,1
DA:2,1
DA:3,1
DA:5,1
DA:6,1
DA:7,1
DA:20,1
DA:21,2
DA:23,2
DA:25,2
DA:26,1
DA:36,1
DA:38,1
DA:54,0
LF:14
LH:13
BRDA:25,0,0,1
BRF:1
BRH:1
end_of_record
TN:
SF:src/Features/FileHandling/Components/FileTableBody.tsx
FN:17,(anonymous_1)
FN:18,(anonymous_2)
FN:19,(anonymous_3)
FN:20,(anonymous_4)
FN:21,(anonymous_5)
FN:29,(anonymous_6)
FN:34,(anonymous_7)
FN:35,(anonymous_8)
FNF:8
FNH:8
FNDA:4,(anonymous_1)
FNDA:4,(anonymous_2)
FNDA:4,(anonymous_3)
FNDA:4,(anonymous_4)
FNDA:4,(anonymous_5)
FNDA:7,(anonymous_6)
FNDA:1,(anonymous_7)
FNDA:1,(anonymous_8)
DA:3,2
DA:4,2
DA:5,2
DA:17,2
DA:18,4
DA:19,4
DA:20,4
DA:21,4
DA:23,4
DA:27,4
DA:30,7
DA:34,1
DA:35,1
LF:13
LH:13
BRDA:33,0,0,6
BRDA:33,0,1,1
BRDA:38,1,0,4
BRDA:38,1,1,3
BRDA:44,2,0,4
BRDA:44,2,1,3
BRDA:51,3,0,4
BRDA:51,3,1,3
BRF:8
BRH:8
end_of_record
TN:
SF:src/Features/FileHandling/Components/FileUploader.tsx
FN:27,(anonymous_1)
FN:34,(anonymous_2)
FN:36,(anonymous_3)
FN:37,(anonymous_4)
FN:38,(anonymous_5)
FN:40,(anonymous_6)
FN:41,(anonymous_7)
FN:42,(anonymous_8)
FN:57,(anonymous_9)
FN:84,(anonymous_10)
FN:92,(anonymous_11)
FN:105,(anonymous_12)
FN:124,(anonymous_13)
FN:126,(anonymous_14)
FN:140,(anonymous_15)
FN:150,(anonymous_16)
FN:152,(anonymous_17)
FN:154,(anonymous_18)
FN:158,(anonymous_19)
FN:163,(anonymous_20)
FN:177,(anonymous_21)
FN:197,(anonymous_22)
FN:209,(anonymous_23)
FN:236,(anonymous_24)
FN:275,(anonymous_25)
FN:291,(anonymous_26)
FN:311,(anonymous_27)
FNF:27
FNH:18
FNDA:9,(anonymous_1)
FNDA:42,(anonymous_2)
FNDA:42,(anonymous_3)
FNDA:42,(anonymous_4)
FNDA:42,(anonymous_5)
FNDA:42,(anonymous_6)
FNDA:42,(anonymous_7)
FNDA:42,(anonymous_8)
FNDA:0,(anonymous_9)
FNDA:3,(anonymous_10)
FNDA:0,(anonymous_11)
FNDA:0,(anonymous_12)
FNDA:3,(anonymous_13)
FNDA:3,(anonymous_14)
FNDA:0,(anonymous_15)
FNDA:3,(anonymous_16)
FNDA:3,(anonymous_17)
FNDA:3,(anonymous_18)
FNDA:0,(anonymous_19)
FNDA:3,(anonymous_20)
FNDA:3,(anonymous_21)
FNDA:3,(anonymous_22)
FNDA:3,(anonymous_23)
FNDA:0,(anonymous_24)
FNDA:0,(anonymous_25)
FNDA:0,(anonymous_26)
FNDA:0,(anonymous_27)
DA:1,2
DA:2,2
DA:3,2
DA:5,2
DA:6,2
DA:8,2
DA:9,2
DA:27,2
DA:33,9
DA:34,42
DA:36,42
DA:37,42
DA:38,42
DA:40,42
DA:41,42
DA:42,42
DA:44,9
DA:45,9
DA:47,9
DA:57,9
DA:58,0
DA:60,0
DA:61,0
DA:65,0
DA:66,0
DA:68,0
DA:69,0
DA:70,0
DA:71,0
DA:84,9
DA:88,3
DA:89,3
DA:91,3
DA:92,3
DA:93,0
DA:94,0
DA:95,0
DA:102,3
DA:104,3
DA:105,0
DA:106,0
DA:107,0
DA:108,0
DA:110,0
DA:111,0
DA:114,0
DA:117,0
DA:119,3
DA:122,3
DA:124,3
DA:125,3
DA:127,3
DA:128,3
DA:132,3
DA:134,3
DA:141,0
DA:142,0
DA:143,0
DA:144,0
DA:145,0
DA:149,3
DA:151,3
DA:152,3
DA:154,3
DA:155,3
DA:157,0
DA:158,0
DA:164,3
DA:165,3
DA:177,9
DA:178,3
DA:179,3
DA:180,3
DA:181,3
DA:183,3
DA:184,3
DA:186,0
DA:187,0
DA:197,9
DA:198,3
DA:202,3
DA:205,3
DA:207,3
DA:209,3
DA:210,3
DA:213,3
DA:218,3
DA:219,3
DA:225,3
DA:236,9
DA:237,0
DA:238,0
DA:239,0
DA:240,0
DA:242,0
DA:246,0
DA:247,0
DA:250,0
DA:251,0
DA:264,9
DA:271,9
DA:276,0
DA:277,0
DA:292,0
DA:293,0
DA:294,0
DA:312,0
DA:313,0
DA:314,0
LF:109
LH:63
BRDA:60,0,0,0
BRDA:60,0,1,0
BRDA:60,1,0,0
BRDA:60,1,1,0
BRDA:93,2,0,0
BRDA:93,2,1,0
BRDA:94,3,0,0
BRDA:94,3,1,0
BRDA:102,4,0,3
BRDA:102,4,1,0
BRDA:104,5,0,0
BRDA:104,5,1,3
BRDA:106,6,0,0
BRDA:106,6,1,0
BRDA:108,7,0,0
BRDA:108,7,1,0
BRDA:110,8,0,0
BRDA:132,9,0,3
BRDA:132,9,1,0
BRDA:154,10,0,3
BRDA:154,10,1,0
BRDA:218,11,0,3
BRDA:238,12,0,0
BRDA:238,12,1,0
BRDA:238,13,0,0
BRDA:238,13,1,0
BRDA:239,14,0,0
BRDA:239,14,1,0
BRDA:246,15,0,0
BRDA:246,16,0,0
BRDA:246,16,1,0
BRDA:276,17,0,0
BRF:32
BRH:5
end_of_record
TN:
SF:src/Features/TagDictEditor/DictTagsEdit.tsx
FN:22,DictTagsEdit
FN:23,(anonymous_2)
FN:24,(anonymous_3)
FN:27,(anonymous_4)
FN:29,(anonymous_5)
FN:31,(anonymous_6)
FN:32,(anonymous_7)
FN:34,(anonymous_8)
FN:37,(anonymous_9)
FN:39,(anonymous_10)
FN:41,(anonymous_11)
FN:42,(anonymous_12)
FN:44,(anonymous_13)
FN:45,(anonymous_14)
FN:46,(anonymous_15)
FN:66,(anonymous_16)
FN:78,(anonymous_17)
FN:97,(anonymous_18)
FN:110,(anonymous_19)
FN:145,(anonymous_20)
FN:186,(anonymous_21)
FN:219,(anonymous_22)
FN:233,(anonymous_23)
FN:240,(anonymous_24)
FN:305,(anonymous_25)
FN:310,(anonymous_26)
FN:321,(anonymous_27)
FN:332,(anonymous_28)
FN:372,(anonymous_29)
FN:387,(anonymous_30)
FNF:30
FNH:30
FNDA:32,DictTagsEdit
FNDA:32,(anonymous_2)
FNDA:32,(anonymous_3)
FNDA:32,(anonymous_4)
FNDA:32,(anonymous_5)
FNDA:32,(anonymous_6)
FNDA:32,(anonymous_7)
FNDA:32,(anonymous_8)
FNDA:32,(anonymous_9)
FNDA:32,(anonymous_10)
FNDA:32,(anonymous_11)
FNDA:32,(anonymous_12)
FNDA:32,(anonymous_13)
FNDA:32,(anonymous_14)
FNDA:32,(anonymous_15)
FNDA:12,(anonymous_16)
FNDA:3,(anonymous_17)
FNDA:2,(anonymous_18)
FNDA:3,(anonymous_19)
FNDA:2,(anonymous_20)
FNDA:1,(anonymous_21)
FNDA:2,(anonymous_22)
FNDA:1,(anonymous_23)
FNDA:1,(anonymous_24)
FNDA:1,(anonymous_25)
FNDA:1,(anonymous_26)
FNDA:1,(anonymous_27)
FNDA:4,(anonymous_28)
FNDA:1,(anonymous_29)
FNDA:1,(anonymous_30)
DA:1,1
DA:2,1
DA:3,1
DA:4,1
DA:5,1
DA:9,1
DA:22,1
DA:23,32
DA:24,32
DA:27,32
DA:28,32
DA:29,32
DA:31,32
DA:32,32
DA:33,32
DA:34,32
DA:36,32
DA:37,32
DA:39,32
DA:41,32
DA:42,32
DA:44,32
DA:45,32
DA:46,32
DA:48,32
DA:49,32
DA:50,32
DA:51,32
DA:52,32
DA:55,32
DA:58,32
DA:63,32
DA:66,32
DA:67,12
DA:68,1
DA:72,12
DA:73,12
DA:74,12
DA:78,32
DA:83,3
DA:86,3
DA:88,3
DA:89,1
DA:96,2
DA:97,2
DA:99,2
DA:100,2
DA:107,3
DA:110,32
DA:111,3
DA:113,3
DA:114,1
DA:115,1
DA:116,1
DA:117,1
DA:120,2
DA:121,1
DA:122,1
DA:123,1
DA:124,1
DA:127,1
DA:133,1
DA:134,1
DA:135,1
DA:136,1
DA:137,1
DA:139,0
DA:140,0
DA:141,0
DA:145,32
DA:146,2
DA:147,2
DA:149,2
DA:150,2
DA:153,2
DA:154,2
DA:155,1
DA:156,1
DA:157,0
DA:159,1
DA:160,1
DA:161,0
DA:166,2
DA:168,2
DA:169,2
DA:170,2
DA:172,0
DA:175,0
DA:177,2
DA:186,32
DA:187,1
DA:190,1
DA:193,1
DA:194,0
DA:195,0
DA:200,1
DA:203,1
DA:204,1
DA:205,1
DA:207,0
DA:208,0
DA:210,1
DA:219,32
DA:221,2
DA:222,2
DA:233,32
DA:234,1
DA:235,1
DA:237,1
DA:238,1
DA:240,1
DA:242,1
DA:244,1
DA:245,0
DA:246,0
DA:247,0
DA:248,0
DA:249,0
DA:252,1
DA:254,1
DA:255,0
DA:256,0
DA:261,1
DA:264,1
DA:265,1
DA:269,1
DA:270,1
DA:271,1
DA:273,1
DA:275,0
DA:276,0
DA:279,0
DA:280,0
DA:281,0
DA:283,1
DA:284,1
DA:288,32
DA:305,1
DA:310,1
DA:322,1
DA:323,1
DA:324,1
DA:325,1
DA:333,4
DA:373,1
DA:374,1
DA:375,1
DA:388,1
DA:389,1
DA:390,1
DA:391,1
LF:151
LH:128
BRDA:67,0,0,1
BRDA:72,1,0,12
BRDA:88,2,0,1
BRDA:88,2,1,2
BRDA:99,3,0,2
BRDA:113,4,0,1
BRDA:113,5,0,3
BRDA:113,5,1,2
BRDA:120,6,0,1
BRDA:130,7,0,1
BRDA:130,7,1,0
BRDA:133,8,0,1
BRDA:133,8,1,0
BRDA:154,9,0,1
BRDA:154,9,1,1
BRDA:156,10,0,1
BRDA:156,10,1,0
BRDA:160,11,0,1
BRDA:160,11,1,0
BRDA:168,12,0,2
BRDA:168,12,1,0
BRDA:193,13,0,0
BRDA:203,14,0,1
BRDA:203,14,1,0
BRDA:221,15,0,2
BRDA:235,16,0,0
BRDA:235,17,0,1
BRDA:235,17,1,1
BRDA:244,18,0,0
BRDA:244,19,0,1
BRDA:244,19,1,0
BRDA:254,20,0,0
BRDA:264,21,0,1
BRDA:269,22,0,1
BRDA:269,22,1,0
BRDA:291,23,0,32
BRDA:291,23,1,0
BRDA:307,24,0,32
BRDA:307,24,1,1
BRDA:337,25,0,10
BRDA:337,25,1,22
BRDA:409,26,0,31
BRDA:409,26,1,1
BRF:43
BRH:30
end_of_record
TN:
SF:src/Features/TagDictEditor/TagDictionaryTable.tsx
FN:29,(anonymous_9)
FN:45,(anonymous_10)
FN:51,(anonymous_11)
FN:59,(anonymous_12)
FN:60,(anonymous_13)
FN:92,(anonymous_14)
FN:105,(anonymous_15)
FN:117,(anonymous_16)
FN:124,(anonymous_17)
FN:133,(anonymous_18)
FNF:10
FNH:10
FNDA:19,(anonymous_9)
FNDA:18,(anonymous_10)
FNDA:216,(anonymous_11)
FNDA:1,(anonymous_12)
FNDA:1,(anonymous_13)
FNDA:1,(anonymous_14)
FNDA:1,(anonymous_15)
FNDA:2,(anonymous_16)
FNDA:1,(anonymous_17)
FNDA:631,(anonymous_18)
DA:1,1
DA:2,1
DA:3,1
DA:28,1
DA:42,19
DA:45,19
DA:46,18
DA:47,13
DA:50,5
DA:51,5
DA:52,216
DA:59,19
DA:60,1
DA:61,1
DA:65,19
DA:93,1
DA:106,1
DA:118,2
DA:124,1
DA:135,631
DA:139,631
DA:142,631
LF:22
LH:22
BRDA:40,0,0,0
BRDA:46,1,0,13
BRDA:53,2,0,216
BRDA:53,2,1,215
BRDA:82,3,0,3
BRDA:82,3,1,16
BRDA:139,4,0,631
BRDA:139,4,1,2
BRDA:152,5,0,1
BRDA:152,5,1,630
BRDA:152,6,0,631
BRDA:152,6,1,2
BRDA:160,7,0,19
BRDA:160,7,1,11
BRDA:175,8,0,19
BRDA:175,8,1,2
BRDA:181,9,0,1
BRDA:181,9,1,1
BRF:18
BRH:17
end_of_record
TN:
SF:src/Hooks/useFilteredRows.ts
FN:13,(anonymous_1)
FN:19,(anonymous_2)
FN:27,(anonymous_3)
FN:31,(anonymous_4)
FN:60,(anonymous_5)
FN:66,(anonymous_6)
FN:76,(anonymous_7)
FN:99,(anonymous_8)
FN:108,(anonymous_9)
FN:112,(anonymous_10)
FN:114,(anonymous_11)
FN:138,(anonymous_12)
FN:158,(anonymous_13)
FN:160,(anonymous_14)
FNF:14
FNH:4
FNDA:5,(anonymous_1)
FNDA:0,(anonymous_2)
FNDA:0,(anonymous_3)
FNDA:0,(anonymous_4)
FNDA:0,(anonymous_5)
FNDA:0,(anonymous_6)
FNDA:0,(anonymous_7)
FNDA:0,(anonymous_8)
FNDA:10,(anonymous_9)
FNDA:0,(anonymous_10)
FNDA:0,(anonymous_11)
FNDA:0,(anonymous_12)
FNDA:5,(anonymous_13)
FNDA:10,(anonymous_14)
DA:1,2
DA:2,2
DA:13,2
DA:14,5
DA:15,5
DA:17,5
DA:19,5
DA:20,0
DA:23,0
DA:24,0
DA:26,0
DA:28,0
DA:30,0
DA:32,0
DA:35,0
DA:38,0
DA:42,0
DA:51,0
DA:52,0
DA:60,0
DA:64,0
DA:66,0
DA:68,0
DA:72,0
DA:73,0
DA:75,0
DA:77,0
DA:80,0
DA:83,0
DA:87,0
DA:96,0
DA:97,0
DA:99,0
DA:105,0
DA:108,5
DA:109,10
DA:111,10
DA:112,0
DA:113,0
DA:114,0
DA:115,0
DA:118,0
DA:121,0
DA:125,0
DA:133,0
DA:137,10
DA:138,0
DA:139,0
DA:140,0
DA:143,0
DA:145,0
DA:154,10
DA:157,5
DA:159,5
DA:161,10
DA:162,10
DA:163,10
DA:166,10
DA:170,10
DA:171,10
DA:175,10
DA:176,9
DA:177,1
DA:178,0
DA:181,1
LF:65
LH:24
BRDA:20,0,0,0
BRDA:23,1,0,0
BRDA:28,2,0,0
BRDA:32,3,0,0
BRDA:32,3,1,0
BRDA:35,4,0,0
BRDA:35,4,1,0
BRDA:38,5,0,0
BRDA:38,5,1,0
BRDA:43,6,0,0
BRDA:43,6,1,0
BRDA:43,6,2,0
BRDA:43,6,3,0
BRDA:51,7,0,0
BRDA:72,8,0,0
BRDA:72,9,0,0
BRDA:72,9,1,0
BRDA:77,10,0,0
BRDA:77,10,1,0
BRDA:80,11,0,0
BRDA:80,11,1,0
BRDA:83,12,0,0
BRDA:83,12,1,0
BRDA:88,13,0,0
BRDA:88,13,1,0
BRDA:88,13,2,0
BRDA:88,13,3,0
BRDA:96,14,0,0
BRDA:109,15,0,0
BRDA:111,16,0,0
BRDA:113,17,0,0
BRDA:115,18,0,0
BRDA:115,18,1,0
BRDA:118,19,0,0
BRDA:118,19,1,0
BRDA:121,20,0,0
BRDA:121,20,1,0
BRDA:126,21,0,0
BRDA:126,21,1,0
BRDA:126,21,2,0
BRDA:126,21,3,0
BRDA:137,22,0,0
BRDA:137,23,0,10
BRDA:137,23,1,0
BRDA:139,24,0,0
BRDA:139,24,1,0
BRDA:140,25,0,0
BRDA:140,25,1,0
BRDA:143,26,0,0
BRDA:143,26,1,0
BRDA:146,27,0,0
BRDA:146,27,1,0
BRDA:146,27,2,0
BRDA:146,27,3,0
BRDA:161,28,0,10
BRDA:161,28,1,0
BRDA:162,29,0,10
BRDA:162,29,1,0
BRDA:163,30,0,10
BRDA:163,30,1,0
BRDA:166,31,0,10
BRDA:166,31,1,2
BRDA:166,31,2,1
BRDA:171,32,0,0
BRDA:171,32,1,10
BRDA:175,33,0,9
BRDA:175,33,1,1
BRDA:177,34,0,0
BRDA:177,35,0,1
BRDA:177,35,1,0
BRF:70
BRH:11
end_of_record
TN:
SF:src/Logger/Logger.ts
FN:20,(anonymous_1)
FNF:1
FNH:0
FNDA:0,(anonymous_1)
DA:1,32
DA:2,32
DA:20,32
DA:29,32
DA:48,32
DA:54,32
LF:6
LH:6
BRF:0
BRH:0
end_of_record
TN:
SF:src/Services/TagDictionaryDB.ts
FN:18,(anonymous_1)
FN:25,(anonymous_2)
FN:26,(anonymous_3)
FN:30,(anonymous_4)
FN:40,(anonymous_5)
FN:48,(anonymous_6)
FN:69,(anonymous_7)
FN:78,(anonymous_8)
FN:83,(anonymous_9)
FN:87,(anonymous_10)
FN:102,(anonymous_11)
FN:108,(anonymous_12)
FN:119,(anonymous_13)
FN:132,(anonymous_14)
FN:137,(anonymous_15)
FN:146,(anonymous_16)
FN:165,(anonymous_17)
FN:171,(anonymous_18)
FN:182,(anonymous_19)
FN:194,(anonymous_20)
FN:199,(anonymous_21)
FN:208,(anonymous_22)
FN:227,(anonymous_23)
FN:233,(anonymous_24)
FN:242,(anonymous_25)
FN:247,(anonymous_26)
FN:265,(anonymous_27)
FN:271,(anonymous_28)
FN:282,(anonymous_29)
FN:310,(anonymous_30)
FN:329,(anonymous_31)
FN:335,(anonymous_32)
FN:344,(anonymous_33)
FN:348,(anonymous_34)
FN:369,(anonymous_35)
FN:426,(anonymous_36)
FN:456,(anonymous_37)
FN:477,(anonymous_38)
FN:497,(anonymous_39)
FN:498,(anonymous_40)
FN:503,(anonymous_41)
FN:533,(anonymous_42)
FN:534,(anonymous_43)
FN:537,(anonymous_44)
FN:545,(anonymous_45)
FN:558,(anonymous_46)
FN:565,(anonymous_47)
FN:569,(anonymous_48)
FN:574,(anonymous_49)
FN:583,(anonymous_50)
FNF:50
FNH:39
FNDA:56,(anonymous_1)
FNDA:33,(anonymous_2)
FNDA:33,(anonymous_3)
FNDA:19,(anonymous_4)
FNDA:19,(anonymous_5)
FNDA:2,(anonymous_6)
FNDA:2,(anonymous_7)
FNDA:1,(anonymous_8)
FNDA:1,(anonymous_9)
FNDA:0,(anonymous_10)
FNDA:2,(anonymous_11)
FNDA:2,(anonymous_12)
FNDA:2,(anonymous_13)
FNDA:1,(anonymous_14)
FNDA:0,(anonymous_15)
FNDA:0,(anonymous_16)
FNDA:2,(anonymous_17)
FNDA:2,(anonymous_18)
FNDA:2,(anonymous_19)
FNDA:1,(anonymous_20)
FNDA:0,(anonymous_21)
FNDA:0,(anonymous_22)
FNDA:2,(anonymous_23)
FNDA:2,(anonymous_24)
FNDA:1,(anonymous_25)
FNDA:1,(anonymous_26)
FNDA:2,(anonymous_27)
FNDA:2,(anonymous_28)
FNDA:1,(anonymous_29)
FNDA:1,(anonymous_30)
FNDA:2,(anonymous_31)
FNDA:2,(anonymous_32)
FNDA:2,(anonymous_33)
FNDA:0,(anonymous_34)
FNDA:2,(anonymous_35)
FNDA:4,(anonymous_36)
FNDA:3,(anonymous_37)
FNDA:1,(anonymous_38)
FNDA:2,(anonymous_39)
FNDA:2,(anonymous_40)
FNDA:0,(anonymous_41)
FNDA:0,(anonymous_42)
FNDA:0,(anonymous_43)
FNDA:0,(anonymous_44)
FNDA:0,(anonymous_45)
FNDA:3,(anonymous_46)
FNDA:3,(anonymous_47)
FNDA:1,(anonymous_48)
FNDA:1,(anonymous_49)
FNDA:1,(anonymous_50)
DA:1,22
DA:2,22
DA:11,22
DA:12,22
DA:13,22
DA:18,22
DA:19,56
DA:26,33
DA:27,33
DA:28,33
DA:30,21
DA:31,19
DA:32,19
DA:33,19
DA:36,19
DA:40,21
DA:41,19
DA:42,19
DA:45,19
DA:48,21
DA:49,2
DA:53,2
DA:56,12
DA:60,12
DA:70,2
DA:71,2
DA:72,2
DA:73,1
DA:74,1
DA:78,1
DA:79,1
DA:80,1
DA:81,1
DA:83,1
DA:84,1
DA:87,1
DA:88,0
DA:92,0
DA:103,2
DA:104,2
DA:105,2
DA:108,2
DA:109,2
DA:110,2
DA:114,2
DA:117,2
DA:119,2
DA:120,2
DA:122,1
DA:125,1
DA:126,1
DA:130,1
DA:132,1
DA:133,1
DA:134,1
DA:137,1
DA:138,0
DA:142,0
DA:146,2
DA:147,0
DA:151,0
DA:154,0
DA:155,0
DA:166,2
DA:167,2
DA:168,2
DA:171,2
DA:172,2
DA:173,2
DA:177,2
DA:180,2
DA:182,2
DA:183,2
DA:184,1
DA:187,1
DA:188,1
DA:192,1
DA:194,1
DA:195,1
DA:196,1
DA:199,1
DA:200,0
DA:204,0
DA:208,2
DA:209,0
DA:213,0
DA:216,0
DA:217,0
DA:228,2
DA:229,2
DA:230,2
DA:233,2
DA:234,2
DA:235,2
DA:239,2
DA:240,2
DA:242,2
DA:243,1
DA:244,1
DA:247,2
DA:248,1
DA:252,1
DA:255,0
DA:256,0
DA:266,2
DA:267,2
DA:268,2
DA:271,2
DA:272,2
DA:273,2
DA:277,2
DA:280,2
DA:282,2
DA:283,1
DA:286,1
DA:287,1
DA:289,1
DA:290,3644
DA:298,3644
DA:299,3644
DA:300,0
DA:304,1
DA:307,1
DA:310,2
DA:311,1
DA:315,1
DA:318,0
DA:319,0
DA:330,2
DA:331,2
DA:332,2
DA:335,2
DA:336,2
DA:337,2
DA:341,2
DA:342,2
DA:344,2
DA:345,2
DA:348,2
DA:349,0
DA:353,0
DA:356,0
DA:357,0
DA:370,2
DA:371,2
DA:372,2
DA:373,0
DA:376,0
DA:380,2
DA:382,2
DA:384,2
DA:385,1
DA:386,1
DA:390,1
DA:393,1
DA:396,1
DA:399,1
DA:400,1
DA:401,1
DA:404,1
DA:405,1
DA:406,1
DA:409,1
DA:411,1
DA:412,1
DA:414,0
DA:415,0
DA:429,4
DA:430,4
DA:431,4
DA:432,0
DA:435,0
DA:439,4
DA:441,4
DA:445,4
DA:446,4
DA:449,3
DA:450,1
DA:451,1
DA:455,2
DA:457,3
DA:464,2
DA:465,1
DA:468,1
DA:471,1
DA:472,1
DA:476,1
DA:477,1
DA:480,1
DA:481,1
DA:484,1
DA:485,1
DA:488,1
DA:489,2
DA:491,2
DA:494,2
DA:497,2
DA:498,2
DA:499,2
DA:500,2
DA:503,2
DA:504,0
DA:508,0
DA:509,0
DA:513,0
DA:514,0
DA:518,1
DA:521,1
DA:523,0
DA:524,0
DA:534,0
DA:535,0
DA:537,0
DA:538,0
DA:539,0
DA:541,0
DA:545,0
DA:546,0
DA:549,0
DA:560,3
DA:561,1
DA:562,1
DA:565,3
DA:566,3
DA:567,3
DA:569,3
DA:570,1
DA:571,1
DA:574,3
DA:575,1
DA:579,1
DA:583,3
DA:584,1
DA:587,1
DA:590,0
DA:591,0
DA:598,22
LF:237
LH:190
BRDA:32,0,0,19
BRDA:70,1,0,2
BRDA:72,2,0,1
BRDA:103,3,0,2
BRDA:105,4,0,0
BRDA:120,5,0,1
BRDA:166,6,0,2
BRDA:168,7,0,0
BRDA:183,8,0,1
BRDA:228,9,0,2
BRDA:230,10,0,0
BRDA:266,11,0,2
BRDA:268,12,0,0
BRDA:299,13,0,0
BRDA:330,14,0,2
BRDA:332,15,0,0
BRDA:345,16,0,2
BRDA:345,16,1,1
BRDA:370,17,0,2
BRDA:372,18,0,0
BRDA:384,19,0,1
BRDA:429,20,0,4
BRDA:431,21,0,0
BRDA:449,22,0,1
BRDA:457,23,0,3
BRDA:457,23,1,3
BRDA:457,23,2,3
BRDA:457,23,3,2
BRDA:457,23,4,2
BRDA:464,24,0,1
BRDA:538,25,0,0
BRDA:538,25,1,0
BRDA:538,26,0,0
BRDA:538,26,1,0
BRDA:560,27,0,1
BRF:35
BRH:23
end_of_record
TN:
SF:src/State/Store.tsx
FN:235,(anonymous_1)
FN:237,(anonymous_2)
FN:240,(anonymous_3)
FN:243,(anonymous_4)
FN:246,(anonymous_5)
FN:249,(anonymous_6)
FN:252,(anonymous_7)
FN:253,(anonymous_8)
FN:256,(anonymous_9)
FN:259,(anonymous_10)
FN:262,(anonymous_11)
FN:265,(anonymous_12)
FN:268,(anonymous_13)
FN:269,(anonymous_14)
FN:269,(anonymous_15)
FN:272,(anonymous_16)
FN:279,(anonymous_17)
FN:285,(anonymous_18)
FN:286,(anonymous_19)
FN:293,(anonymous_20)
FN:294,(anonymous_21)
FN:296,(anonymous_22)
FN:303,(anonymous_23)
FN:311,(anonymous_24)
FN:316,(anonymous_25)
FN:319,(anonymous_26)
FN:321,(anonymous_27)
FN:332,(anonymous_28)
FN:336,(anonymous_29)
FN:339,(anonymous_30)
FN:342,(anonymous_31)
FN:345,(anonymous_32)
FN:358,(anonymous_33)
FN:362,(anonymous_34)
FN:368,(anonymous_35)
FN:372,(anonymous_36)
FN:381,(anonymous_37)
FN:386,(anonymous_38)
FN:391,(anonymous_39)
FN:425,(anonymous_40)
FN:442,(anonymous_41)
FN:447,(anonymous_42)
FN:467,(anonymous_43)
FN:472,(anonymous_44)
FN:473,(anonymous_45)
FN:494,(anonymous_46)
FN:499,(anonymous_47)
FN:501,(anonymous_48)
FN:521,(anonymous_49)
FNF:49
FNH:35
FNDA:22,(anonymous_1)
FNDA:2,(anonymous_2)
FNDA:0,(anonymous_3)
FNDA:2,(anonymous_4)
FNDA:3,(anonymous_5)
FNDA:19,(anonymous_6)
FNDA:1,(anonymous_7)
FNDA:0,(anonymous_8)
FNDA:2,(anonymous_9)
FNDA:1,(anonymous_10)
FNDA:1,(anonymous_11)
FNDA:0,(anonymous_12)
FNDA:1,(anonymous_13)
FNDA:2,(anonymous_14)
FNDA:2,(anonymous_15)
FNDA:1,(anonymous_16)
FNDA:1,(anonymous_17)
FNDA:1,(anonymous_18)
FNDA:1,(anonymous_19)
FNDA:3,(anonymous_20)
FNDA:3,(anonymous_21)
FNDA:1,(anonymous_22)
FNDA:1,(anonymous_23)
FNDA:1,(anonymous_24)
FNDA:1,(anonymous_25)
FNDA:1,(anonymous_26)
FNDA:1,(anonymous_27)
FNDA:0,(anonymous_28)
FNDA:1,(anonymous_29)
FNDA:0,(anonymous_30)
FNDA:1,(anonymous_31)
FNDA:2,(anonymous_32)
FNDA:1,(anonymous_33)
FNDA:1,(anonymous_34)
FNDA:1,(anonymous_35)
FNDA:1,(anonymous_36)
FNDA:4,(anonymous_37)
FNDA:1,(anonymous_38)
FNDA:12,(anonymous_39)
FNDA:43728,(anonymous_40)
FNDA:0,(anonymous_41)
FNDA:0,(anonymous_42)
FNDA:0,(anonymous_43)
FNDA:0,(anonymous_44)
FNDA:0,(anonymous_45)
FNDA:0,(anonymous_46)
FNDA:0,(anonymous_47)
FNDA:0,(anonymous_48)
FNDA:0,(anonymous_49)
DA:1,22
DA:2,22
DA:3,22
DA:4,22
DA:11,22
DA:12,22
DA:235,22
DA:237,2
DA:240,0
DA:243,2
DA:246,3
DA:249,19
DA:252,1
DA:253,0
DA:256,2
DA:259,1
DA:262,1
DA:265,0
DA:268,1
DA:269,2
DA:273,1
DA:280,1
DA:281,1
DA:286,1
DA:287,1
DA:294,3
DA:295,3
DA:297,1
DA:300,3
DA:302,1
DA:303,1
DA:305,1
DA:309,2
DA:311,1
DA:316,1
DA:319,1
DA:322,1
DA:323,1
DA:324,1
DA:325,1
DA:326,1
DA:327,1
DA:328,1
DA:333,0
DA:336,1
DA:339,0
DA:342,1
DA:346,2
DA:354,2
DA:359,1
DA:363,1
DA:369,1
DA:370,1
DA:373,1
DA:374,1
DA:375,1
DA:376,1
DA:377,1
DA:382,4
DA:386,1
DA:392,12
DA:394,12
DA:396,12
DA:397,0
DA:400,0
DA:401,0
DA:402,0
DA:403,0
DA:407,0
DA:411,0
DA:415,0
DA:421,12
DA:424,12
DA:425,43728
DA:431,12
DA:437,0
DA:438,0
DA:443,0
DA:445,0
DA:447,0
DA:451,0
DA:457,0
DA:464,0
DA:468,0
DA:470,0
DA:472,0
DA:474,0
DA:478,0
DA:484,0
DA:491,0
DA:495,0
DA:497,0
DA:499,0
DA:501,0
DA:505,0
DA:511,0
DA:518,0
DA:522,0
DA:523,0
DA:525,0
DA:527,0
DA:529,0
DA:530,0
DA:532,0
DA:538,0
DA:544,0
DA:545,0
LF:107
LH:62
BRDA:275,0,0,0
BRDA:275,0,1,22
BRDA:277,1,0,22
BRDA:277,1,1,22
BRDA:284,2,0,22
BRDA:284,2,1,22
BRDA:287,3,0,1
BRDA:287,3,1,0
BRDA:297,4,0,1
BRDA:297,4,1,1
BRDA:300,5,0,1
BRDA:303,6,0,1
BRDA:303,6,1,0
BRDA:314,7,0,22
BRDA:314,7,1,22
BRDA:348,8,0,1
BRDA:348,8,1,1
BRDA:348,9,0,2
BRDA:348,9,1,2
BRDA:348,9,2,1
BRDA:366,10,0,22
BRDA:366,10,1,22
BRDA:396,11,0,0
BRDA:396,11,1,12
BRDA:400,12,0,0
BRDA:400,12,1,0
BRDA:445,13,0,0
BRDA:445,13,1,0
BRDA:470,14,0,0
BRDA:470,14,1,0
BRDA:474,15,0,0
BRDA:474,15,1,0
BRDA:497,16,0,0
BRDA:497,16,1,0
BRDA:527,17,0,0
BRDA:527,17,1,0
BRF:36
BRH:20
end_of_record
